#
# There is insufficient memory for the Java Runtime Environment to continue.
# Native memory allocation (malloc) failed to allocate 9232 bytes. Error detail: AllocateHeap
# Possible reasons:
#   The system is out of physical RAM or swap space
#   This process is running with CompressedOops enabled, and the Java Heap may be blocking the growth of the native heap
# Possible solutions:
#   Reduce memory load on the system
#   Increase physical memory or swap space
#   Check if swap backing store is full
#   Decrease Java heap size (-Xmx/-Xms)
#
#  Out of Memory Error
#
# JRE version: Java(TM) SE Runtime Environment (22.0.1+8) (build 22.0.1+8-16)
# Java VM: Java HotSpot(TM) 64-Bit Server VM (22.0.1+8-16, mixed mode, sharing, tiered, compressed oops, compressed class ptrs, g1 gc, windows-amd64)
# No core dump will be written. Minidumps are not enabled by default on client versions of Windows
#

---------------  S U M M A R Y ------------

Command Line: -Dfile.encoding=UTF-8 --module-path=C:\Users\91811\OneDrive\Documents\NetBeansProjects\Bank Management System\build\classes bank.management.system.MiniStatement

Host: AMD Ryzen 5 5500U with Radeon Graphics         , 12 cores, 5G,  Windows 11 , 64 bit Build 22621 (10.0.22621.4391)
Time: Thu Jan  9 23:53:20 2025 India Standard Time elapsed time: 581.213048 seconds (0d 0h 9m 41s)

---------------  T H R E A D  ---------------

Current thread (0x0000025604c2fee0):  JavaThread "D3D Screen Updater" daemon [_thread_in_Java, id=17296, stack(0x0000007aaf300000,0x0000007aaf400000) (1024K)]

Stack: [0x0000007aaf300000,0x0000007aaf400000]
Native frames: (J=compiled Java code, j=interpreted, Vv=VM code, C=native code)
V  [jvm.dll+0x6e2279]  (no source info available)
V  [jvm.dll+0x874e33]  (no source info available)
V  [jvm.dll+0x87725e]  (no source info available)
V  [jvm.dll+0x877933]  (no source info available)
V  [jvm.dll+0x27fd76]  (no source info available)
V  [jvm.dll+0xbe877]  (no source info available)
V  [jvm.dll+0x28d615]  (no source info available)
V  [jvm.dll+0x29048c]  (no source info available)
C  0x0000025677f4462a  (no source info available)

The last pc belongs to UncommonTrapBlob (printed below).
Java frames: (J=compiled Java code, j=interpreted, Vv=VM code)
v  ~UncommonTrapBlob 0x0000025677f4462a
J 923 c2 java.util.ArrayList.toArray([Ljava/lang/Object;)[Ljava/lang/Object; java.base@22.0.1 (57 bytes) @ 0x00000256784ceb44 [0x00000256784ce9a0+0x00000000000001a4]
j  sun.java2d.d3d.D3DScreenUpdateManager.run()V+78 java.desktop@22.0.1
j  java.lang.Thread.runWith(Ljava/lang/Object;Ljava/lang/Runnable;)V+5 java.base@22.0.1
j  java.lang.Thread.run()V+19 java.base@22.0.1
v  ~StubRoutines::call_stub 0x0000025677ef100d
--------------------------------------------------------------------------------
Decoding CodeBlob, name: UncommonTrapBlob, at  [0x0000025677f44600, 0x0000025677f44708]  264 bytes
[MachCode]
  0x0000025677f44600: 4883 ec28 | 4889 6c24 | 208b d2c5 | f877 4989 | a7a0 0300 | 0049 8bcf | 41b8 0200 | 0000 48b8 
  0x0000025677f44620: 6004 5ac0 | fb7f 0000 | ffd0 49c7 | 87a0 0300 | 0000 0000 | 0049 c787 | a803 0000 | 0000 0000 
  0x0000025677f44640: c5f8 7748 | 8bf8 4883 | c428 8b0f | 4803 e148 | 8b6f 3048 | 8b4f 1848 | 83c4 0848 | 8b77 108b 
  0x0000025677f44660: 5708 4c8b | c48b 5f04 | 482b e348 | 8b1e 4883 | eb10 48ff | 3155 488b | ec48 2be3 | 4c89 45f8 
  0x0000025677f44680: 48c7 45f0 | 0000 0000 | 4c8b c448 | 83c6 0848 | 83c1 08ff | ca75 d448 | ff31 5548 | 8bec 4883 
  0x0000025677f446a0: ec20 c5f8 | 7749 89af | b003 0000 | 49ba a246 | f477 5602 | 0000 4d89 | 97a8 0300 | 0049 89a7 
  0x0000025677f446c0: a003 0000 | 4883 e4f0 | 498b cfba | 0200 0000 | 48b8 e017 | 5ac0 fb7f | 0000 ffd0 | 49c7 87a0 
  0x0000025677f446e0: 0300 0000 | 0000 0049 | c787 b003 | 0000 0000 | 0000 49c7 | 87a8 0300 | 0000 0000 | 00c5 f877 
  0x0000025677f44700: c9c3 f4f4 | f4f4 f4f4 
[/MachCode]
--------------------------------------------------------------------------------


Compiled method (c2) 581373  923       4       java.util.ArrayList::toArray (57 bytes)
 total in heap  [0x00000256784ce810,0x00000256784cee58] = 1608
 relocation     [0x00000256784ce968,0x00000256784ce998] = 48
 main code      [0x00000256784ce9a0,0x00000256784ced28] = 904
 stub code      [0x00000256784ced28,0x00000256784ced40] = 24
 metadata       [0x00000256784ced40,0x00000256784ced48] = 8
 scopes data    [0x00000256784ced48,0x00000256784ceda0] = 88
 scopes pcs     [0x00000256784ceda0,0x00000256784cee20] = 128
 dependencies   [0x00000256784cee20,0x00000256784cee28] = 8
 handler table  [0x00000256784cee28,0x00000256784cee40] = 24
 nul chk table  [0x00000256784cee40,0x00000256784cee58] = 24

[Constant Pool (empty)]

[MachCode]
[Entry Point]
  # {method} {0x000002560509f230} 'toArray' '([Ljava/lang/Object;)[Ljava/lang/Object;' in 'java/util/ArrayList'
  # this:     rdx:rdx   = 'java/util/ArrayList'
  # parm0:    r8:r8     = '[Ljava/lang/Object;'
  #           [sp+0x60]  (sp of caller)
  0x00000256784ce9a0: 448b 5208 | 49bb 0000 | 0005 5602 | 0000 4d03 | d349 3bc2 

  0x00000256784ce9b4: ;   {runtime_call ic_miss_stub}
  0x00000256784ce9b4: 0f85 c6fd | a6ff 6690 | 0f1f 4000 
[Verified Entry Point]
  0x00000256784ce9c0: e9bb 8ca2 | ffff ff55 | 4883 ec50 | 4181 7f20 | 0100 0000 | 0f85 4103 | 0000 458b | 580c 448b 
  0x00000256784ce9e0: 5210 453b | da0f 8db9 | 0200 0044 | 8b4a 1445 | 8b40 0848 | b800 0000 | 0556 0200 | 0049 03c0 
  0x00000256784cea00: 4c8b 5870 | 4d8b 1b41 | 8b51 0845 | 85d2 0f8c | 6e02 0000 | 8b58 1448 | 63cb 48be | 0000 0005 
  0x00000256784cea20: 5602 0000 | 4803 f248 | 8b0c 0e48 | 3bc1 0f85 | c800 0000 | 418b ca49 | 8be9 4863 | d948 8d14 
  0x00000256784cea40: 9d17 0000 | 0081 f900 | 0004 000f | 877c 0100 | 0048 8bfa | 4883 e7f8 | 498b 9fb8 | 0100 0048 
  0x00000256784cea60: 8bf3 4803 | f749 3bb7 | c801 0000 | 0f83 5b01 | 0000 4989 | b7b8 0100 | 000f 1886 | 0001 0000 
  0x00000256784cea80: 48c7 0301 | 0000 0044 | 8943 0889 | 4b0c 0f18 | 8640 0100 | 000f 1886 | 8001 0000 | 458b 510c 
  0x00000256784ceaa0: 4c8b db49 | 83c3 1044 | 3bd1 440f | 4fd1 48c1 

  0x00000256784ceab0: ;   {no_reloc}
  0x00000256784ceab0: ea03 4585 | d20f 845b | 0100 0049 | 8d71 104d | 63c2 443b | d10f 8c81 | 0000 0048 | 8bce 498b 
  0x00000256784cead0: d349 ba80 | 2ff2 7756 | 0200 0041 

  0x00000256784ceadc: ;   {other}
  0x00000256784ceadc: ffd2 0f1f | 8400 0000 | 0000 488b | c348 83c4 

  0x00000256784ceaec: ;   {poll_return}
  0x00000256784ceaec: 505d 493b | a758 0400 | 000f 870a | 0200 00c3 | 83fb 2075 | 2941 3bd0 | 0f84 2aff | ffff 488b 
  0x00000256784ceb0c: 7e28 8b0f | 4883 c708 | 4885 c0f2 | 48af 0f85 | 0400 0000 | 4889 4620 | 0f84 0aff | ffff badc 
  0x00000256784ceb2c: ffff ff41 | 8be9 4489 | 5424 204c | 895c 2428 

  0x00000256784ceb3c: ;   {runtime_call UncommonTrapBlob}
  0x00000256784ceb3c: 6666 90e8 

  0x00000256784ceb40: ; ImmutableOopMap {rbp=NarrowOop [40]=Oop }
                      ;*invokestatic copyOf {reexecute=1 rethrow=0 return_oop=0}
                      ; - (reexecute) java.util.ArrayList::toArray@21 (line 401)
  0x00000256784ceb40: bc5a a7ff 

  0x00000256784ceb44: ;   {other}
  0x00000256784ceb44: 0f1f 8400 | 3403 0000 | 4e8d 1485 | 1000 0000 | 4d8b ca49 | c1e9 0349 | 2bd1 4983 | e2fb 488b 
  0x00000256784ceb64: fb49 03fa | 488b ca48 | 33c0 4883 | f908 7f10 | 48ff c978 | 4f48 8904 | cf48 ffc9 | 7df7 eb44 
  0x00000256784ceb84: c5fd efc0 | e90d 0000 | 00c5 fe7f | 07c5 fe7f | 4720 4883 | c740 4883 | e908 7ded | 4883 c104 
  0x00000256784ceba4: 7c0c c5fe | 7f07 4883 | c720 4883 | e904 4883 | c104 7e10 | 48ff c9c5 | f9d6 0748 | 83c7 0848 
  0x00000256784cebc4: ffc9 7df3 | e9fe feff | ff48 8954 | 2428 894c | 2424 498b | cb44 894c | 2420 488b | d044 8b44 
  0x00000256784cebe4: 2424 4489 | 5424 3048 | 894c 2438 

  0x00000256784cebf0: ;   {runtime_call _new_array_Java}
  0x00000256784cebf0: 6666 90e8 

  0x00000256784cebf4: ; ImmutableOopMap {rbp=Oop [32]=NarrowOop [56]=Oop }
                      ;*invokestatic copyOf {reexecute=1 rethrow=0 return_oop=1}
                      ; - (reexecute) java.util.ArrayList::toArray@21 (line 401)
  0x00000256784cebf4: 08dd b3ff 

  0x00000256784cebf8: ;   {other}
  0x00000256784cebf8: 0f1f 8400 | e803 0001 | 448b 4c24 | 208b 4c24 | 2448 8b54 | 2428 488b | d8e9 86fe | ffff 4883 
  0x00000256784cec18: c2fe 488b | ca49 8bfb | 4833 c048 | 83f9 087f | 1048 ffc9 | 784f 4889 | 04cf 48ff | c97d f7eb 
  0x00000256784cec38: 44c5 fdef | c0e9 0d00 | 0000 c5fe | 7f07 c5fe | 7f47 2048 | 83c7 4048 | 83e9 087d | ed48 83c1 
  0x00000256784cec58: 047c 0cc5 | fe7f 0748 | 83c7 2048 | 83e9 0448 | 83c1 047e | 1048 ffc9 | c5f9 d607 | 4883 c708 
  0x00000256784cec78: 48ff c97d | f3e9 64fe | ffff bace | ffff ff41 | 8be9 4489 | 5424 204c | 895c 2428 

  0x00000256784cec94: ;   {runtime_call UncommonTrapBlob}
  0x00000256784cec94: 6666 90e8 

  0x00000256784cec98: ; ImmutableOopMap {rbp=NarrowOop [40]=Oop }
                      ;*invokestatic copyOf {reexecute=1 rethrow=0 return_oop=0}
                      ; - (reexecute) java.util.ArrayList::toArray@21 (line 401)
  0x00000256784cec98: 6459 a7ff 

  0x00000256784cec9c: ;   {other}
  0x00000256784cec9c: 0f1f 8400 | 8c04 0002 | 488b ea4c | 8944 2420 | 4489 5c24 | 2844 8954 | 242c ba45 

  0x00000256784cecb8: ;   {runtime_call UncommonTrapBlob}
  0x00000256784cecb8: ffff ffe8 

  0x00000256784cecbc: ; ImmutableOopMap {rbp=Oop [32]=Oop }
                      ;*if_icmpge {reexecute=1 rethrow=0 return_oop=0}
                      ; - (reexecute) java.util.ArrayList::toArray@6 (line 399)
  0x00000256784cecbc: 4059 a7ff 

  0x00000256784cecc0: ;   {other}
  0x00000256784cecc0: 0f1f 8400 | b004 0003 | baf6 ffff 

  0x00000256784ceccc: ;   {runtime_call UncommonTrapBlob}
  0x00000256784ceccc: ff66 90e8 

  0x00000256784cecd0: ; ImmutableOopMap {}
                      ;*arraylength {reexecute=0 rethrow=0 return_oop=0}
                      ; - java.util.ArrayList::toArray@1 (line 399)
  0x00000256784cecd0: 2c59 a7ff 

  0x00000256784cecd4: ;   {other}
  0x00000256784cecd4: 0f1f 8400 | c404 0004 | baf6 ffff | ff41 8bea | 4c89 5c24 

  0x00000256784cece8: ;   {runtime_call UncommonTrapBlob}
  0x00000256784cece8: 2066 90e8 

  0x00000256784cecec: ; ImmutableOopMap {[32]=Oop }
                      ;*invokestatic copyOf {reexecute=1 rethrow=0 return_oop=0}
                      ; - (reexecute) java.util.ArrayList::toArray@21 (line 401)
  0x00000256784cecec: 1059 a7ff 

  0x00000256784cecf0: ;   {other}
  0x00000256784cecf0: 0f1f 8400 | e004 0005 | 488b d048 | 83c4 505d 

  0x00000256784ced00: ;   {runtime_call _rethrow_Java}
  0x00000256784ced00: e9fb 2eb4 

  0x00000256784ced04: ;   {internal_word}
  0x00000256784ced04: ff49 baee | ea4c 7856 | 0200 004d | 8997 7004 

  0x00000256784ced14: ;   {runtime_call SafepointBlob}
  0x00000256784ced14: 0000 e9e5 

  0x00000256784ced18: ;   {runtime_call StubRoutines (final stubs)}
  0x00000256784ced18: 69a7 ffe8 | c05f a5ff | e9b5 fcff | fff4 f4f4 
[Exception Handler]
  0x00000256784ced28: ;   {no_reloc}
  0x00000256784ced28: e953 d4b3 | ffe8 0000 | 0000 4883 

  0x00000256784ced34: ;   {runtime_call DeoptimizationBlob}
  0x00000256784ced34: 2c24 05e9 | 645c a7ff | f4f4 f4f4 
[/MachCode]


---------------  P R O C E S S  ---------------

Threads class SMR info:
_java_thread_list=0x000002564cf1a680, length=16, elements={
0x0000025604993e80, 0x00000256049948e0, 0x0000025604995470, 0x0000025604998050,
0x000002560499b680, 0x00000256049992e0, 0x000002560499a7e0, 0x00000256049a75f0,
0x0000025604bb8660, 0x0000025604d1d7c0, 0x0000025604e5bac0, 0x0000025604e60c00,
0x0000025604e68150, 0x000002564cecaf20, 0x00000256664694a0, 0x0000025604c2fee0
}

Java Threads: ( => current thread )
  0x0000025604993e80 JavaThread "Reference Handler"          daemon [_thread_blocked, id=3348, stack(0x0000007aad900000,0x0000007aada00000) (1024K)]
  0x00000256049948e0 JavaThread "Finalizer"                  daemon [_thread_blocked, id=24800, stack(0x0000007aada00000,0x0000007aadb00000) (1024K)]
  0x0000025604995470 JavaThread "Signal Dispatcher"          daemon [_thread_blocked, id=36164, stack(0x0000007aadb00000,0x0000007aadc00000) (1024K)]
  0x0000025604998050 JavaThread "Attach Listener"            daemon [_thread_blocked, id=17588, stack(0x0000007aadc00000,0x0000007aadd00000) (1024K)]
  0x000002560499b680 JavaThread "Service Thread"             daemon [_thread_blocked, id=27672, stack(0x0000007aadd00000,0x0000007aade00000) (1024K)]
  0x00000256049992e0 JavaThread "Monitor Deflation Thread"   daemon [_thread_blocked, id=21292, stack(0x0000007aade00000,0x0000007aadf00000) (1024K)]
  0x000002560499a7e0 JavaThread "C2 CompilerThread0"         daemon [_thread_blocked, id=25476, stack(0x0000007aadf00000,0x0000007aae000000) (1024K)]
  0x00000256049a75f0 JavaThread "C1 CompilerThread0"         daemon [_thread_blocked, id=11172, stack(0x0000007aae000000,0x0000007aae100000) (1024K)]
  0x0000025604bb8660 JavaThread "Common-Cleaner"             daemon [_thread_blocked, id=16604, stack(0x0000007aae100000,0x0000007aae200000) (1024K)]
  0x0000025604d1d7c0 JavaThread "Notification Thread"        daemon [_thread_blocked, id=23232, stack(0x0000007aae200000,0x0000007aae300000) (1024K)]
  0x0000025604e5bac0 JavaThread "Java2D Disposer"            daemon [_thread_blocked, id=19596, stack(0x0000007aae400000,0x0000007aae500000) (1024K)]
  0x0000025604e60c00 JavaThread "AWT-Shutdown"                      [_thread_blocked, id=14020, stack(0x0000007aae500000,0x0000007aae600000) (1024K)]
  0x0000025604e68150 JavaThread "AWT-Windows"                daemon [_thread_in_native, id=6720, stack(0x0000007aae600000,0x0000007aae700000) (1024K)]
  0x000002564cecaf20 JavaThread "AWT-EventQueue-0"                  [_thread_blocked, id=20420, stack(0x0000007aaf000000,0x0000007aaf100000) (1024K)]
  0x00000256664694a0 JavaThread "DestroyJavaVM"                     [_thread_blocked, id=18072, stack(0x0000007aad100000,0x0000007aad200000) (1024K)]
=>0x0000025604c2fee0 JavaThread "D3D Screen Updater"         daemon [_thread_in_Java, id=17296, stack(0x0000007aaf300000,0x0000007aaf400000) (1024K)]
Total: 16

Other Threads:
  0x0000025604977cc0 VMThread "VM Thread"                           [id=21440, stack(0x0000007aad800000,0x0000007aad900000) (1024K)]
  0x000002560495fb80 WatcherThread "VM Periodic Task Thread"        [id=21132, stack(0x0000007aad700000,0x0000007aad800000) (1024K)]
  0x00000256686c0930 WorkerThread "GC Thread#0"                     [id=7080, stack(0x0000007aad200000,0x0000007aad300000) (1024K)]
  0x00000256686cf850 ConcurrentGCThread "G1 Main Marker"            [id=18064, stack(0x0000007aad300000,0x0000007aad400000) (1024K)]
  0x00000256686d0910 WorkerThread "G1 Conc#0"                       [id=24396, stack(0x0000007aad400000,0x0000007aad500000) (1024K)]
  0x00000256048310b0 ConcurrentGCThread "G1 Refine#0"               [id=29092, stack(0x0000007aad500000,0x0000007aad600000) (1024K)]
  0x00000256048319d0 ConcurrentGCThread "G1 Service"                [id=13924, stack(0x0000007aad600000,0x0000007aad700000) (1024K)]
Total: 7

Threads with active compile tasks:
Total: 0

VM state: not at safepoint (normal execution)

VM Mutex/Monitor currently owned by a thread: None

Heap address: 0x00000000a2200000, size: 1502 MB, Compressed Oops mode: 32-bit

CDS archive(s) mapped at: [0x0000025605000000-0x0000025605c60000-0x0000025605c60000), size 12976128, SharedBaseAddress: 0x0000025605000000, ArchiveRelocationMode: 1.
Compressed class space mapped at: 0x0000025606000000-0x0000025646000000, reserved size: 1073741824
Narrow klass base: 0x0000025605000000, Narrow klass shift: 0, Narrow klass range: 0x41000000

GC Precious Log:
 CardTable entry size: 512
 Card Set container configuration: InlinePtr #cards 5 size 8 Array Of Cards #cards 12 size 40 Howl #buckets 4 coarsen threshold 1843 Howl Bitmap #cards 512 size 80 coarsen threshold 460 Card regions per heap region 1 cards per card region 2048
 CPUs: 12 total, 12 available
 Memory: 6005M
 Large Page Support: Disabled
 NUMA Support: Disabled
 Compressed Oops: Enabled (32-bit)
 Heap Region Size: 1M
 Heap Min Capacity: 8M
 Heap Initial Capacity: 94M
 Heap Max Capacity: 1502M
 Pre-touch: Disabled
 Parallel Workers: 10
 Concurrent Workers: 3
 Concurrent Refinement Workers: 10
 Periodic GC: Disabled

Heap:
 garbage-first heap   total reserved 1538048K, committed 96256K, used 7168K [0x00000000a2200000, 0x0000000100000000)
  region size 1024K, 8 young (8192K), 0 survivors (0K)
 Metaspace       used 6455K, committed 6720K, reserved 1114112K
  class space    used 702K, committed 832K, reserved 1048576K

Heap Regions: E=young(eden), S=young(survivor), O=old, HS=humongous(starts), HC=humongous(continues), CS=collection set, F=free, TAMS=top-at-mark-start, PB=parsable bottom
|   0|0x00000000a2200000, 0x00000000a2200000, 0x00000000a2300000|  0%| F|  |TAMS 0x00000000a2200000| PB 0x00000000a2200000| Untracked |  0
|   1|0x00000000a2300000, 0x00000000a2300000, 0x00000000a2400000|  0%| F|  |TAMS 0x00000000a2300000| PB 0x00000000a2300000| Untracked |  0
|   2|0x00000000a2400000, 0x00000000a2400000, 0x00000000a2500000|  0%| F|  |TAMS 0x00000000a2400000| PB 0x00000000a2400000| Untracked |  0
|   3|0x00000000a2500000, 0x00000000a2500000, 0x00000000a2600000|  0%| F|  |TAMS 0x00000000a2500000| PB 0x00000000a2500000| Untracked |  0
|   4|0x00000000a2600000, 0x00000000a2600000, 0x00000000a2700000|  0%| F|  |TAMS 0x00000000a2600000| PB 0x00000000a2600000| Untracked |  0
|   5|0x00000000a2700000, 0x00000000a2700000, 0x00000000a2800000|  0%| F|  |TAMS 0x00000000a2700000| PB 0x00000000a2700000| Untracked |  0
|   6|0x00000000a2800000, 0x00000000a2800000, 0x00000000a2900000|  0%| F|  |TAMS 0x00000000a2800000| PB 0x00000000a2800000| Untracked |  0
|   7|0x00000000a2900000, 0x00000000a2900000, 0x00000000a2a00000|  0%| F|  |TAMS 0x00000000a2900000| PB 0x00000000a2900000| Untracked |  0
|   8|0x00000000a2a00000, 0x00000000a2a00000, 0x00000000a2b00000|  0%| F|  |TAMS 0x00000000a2a00000| PB 0x00000000a2a00000| Untracked |  0
|   9|0x00000000a2b00000, 0x00000000a2b00000, 0x00000000a2c00000|  0%| F|  |TAMS 0x00000000a2b00000| PB 0x00000000a2b00000| Untracked |  0
|  10|0x00000000a2c00000, 0x00000000a2c00000, 0x00000000a2d00000|  0%| F|  |TAMS 0x00000000a2c00000| PB 0x00000000a2c00000| Untracked |  0
|  11|0x00000000a2d00000, 0x00000000a2d00000, 0x00000000a2e00000|  0%| F|  |TAMS 0x00000000a2d00000| PB 0x00000000a2d00000| Untracked |  0
|  12|0x00000000a2e00000, 0x00000000a2e00000, 0x00000000a2f00000|  0%| F|  |TAMS 0x00000000a2e00000| PB 0x00000000a2e00000| Untracked |  0
|  13|0x00000000a2f00000, 0x00000000a2f00000, 0x00000000a3000000|  0%| F|  |TAMS 0x00000000a2f00000| PB 0x00000000a2f00000| Untracked |  0
|  14|0x00000000a3000000, 0x00000000a3000000, 0x00000000a3100000|  0%| F|  |TAMS 0x00000000a3000000| PB 0x00000000a3000000| Untracked |  0
|  15|0x00000000a3100000, 0x00000000a3100000, 0x00000000a3200000|  0%| F|  |TAMS 0x00000000a3100000| PB 0x00000000a3100000| Untracked |  0
|  16|0x00000000a3200000, 0x00000000a3200000, 0x00000000a3300000|  0%| F|  |TAMS 0x00000000a3200000| PB 0x00000000a3200000| Untracked |  0
|  17|0x00000000a3300000, 0x00000000a3300000, 0x00000000a3400000|  0%| F|  |TAMS 0x00000000a3300000| PB 0x00000000a3300000| Untracked |  0
|  18|0x00000000a3400000, 0x00000000a3400000, 0x00000000a3500000|  0%| F|  |TAMS 0x00000000a3400000| PB 0x00000000a3400000| Untracked |  0
|  19|0x00000000a3500000, 0x00000000a3500000, 0x00000000a3600000|  0%| F|  |TAMS 0x00000000a3500000| PB 0x00000000a3500000| Untracked |  0
|  20|0x00000000a3600000, 0x00000000a3600000, 0x00000000a3700000|  0%| F|  |TAMS 0x00000000a3600000| PB 0x00000000a3600000| Untracked |  0
|  21|0x00000000a3700000, 0x00000000a3700000, 0x00000000a3800000|  0%| F|  |TAMS 0x00000000a3700000| PB 0x00000000a3700000| Untracked |  0
|  22|0x00000000a3800000, 0x00000000a3800000, 0x00000000a3900000|  0%| F|  |TAMS 0x00000000a3800000| PB 0x00000000a3800000| Untracked |  0
|  23|0x00000000a3900000, 0x00000000a3900000, 0x00000000a3a00000|  0%| F|  |TAMS 0x00000000a3900000| PB 0x00000000a3900000| Untracked |  0
|  24|0x00000000a3a00000, 0x00000000a3a00000, 0x00000000a3b00000|  0%| F|  |TAMS 0x00000000a3a00000| PB 0x00000000a3a00000| Untracked |  0
|  25|0x00000000a3b00000, 0x00000000a3b00000, 0x00000000a3c00000|  0%| F|  |TAMS 0x00000000a3b00000| PB 0x00000000a3b00000| Untracked |  0
|  26|0x00000000a3c00000, 0x00000000a3c00000, 0x00000000a3d00000|  0%| F|  |TAMS 0x00000000a3c00000| PB 0x00000000a3c00000| Untracked |  0
|  27|0x00000000a3d00000, 0x00000000a3d00000, 0x00000000a3e00000|  0%| F|  |TAMS 0x00000000a3d00000| PB 0x00000000a3d00000| Untracked |  0
|  28|0x00000000a3e00000, 0x00000000a3e00000, 0x00000000a3f00000|  0%| F|  |TAMS 0x00000000a3e00000| PB 0x00000000a3e00000| Untracked |  0
|  29|0x00000000a3f00000, 0x00000000a3f00000, 0x00000000a4000000|  0%| F|  |TAMS 0x00000000a3f00000| PB 0x00000000a3f00000| Untracked |  0
|  30|0x00000000a4000000, 0x00000000a4000000, 0x00000000a4100000|  0%| F|  |TAMS 0x00000000a4000000| PB 0x00000000a4000000| Untracked |  0
|  31|0x00000000a4100000, 0x00000000a4100000, 0x00000000a4200000|  0%| F|  |TAMS 0x00000000a4100000| PB 0x00000000a4100000| Untracked |  0
|  32|0x00000000a4200000, 0x00000000a4200000, 0x00000000a4300000|  0%| F|  |TAMS 0x00000000a4200000| PB 0x00000000a4200000| Untracked |  0
|  33|0x00000000a4300000, 0x00000000a4300000, 0x00000000a4400000|  0%| F|  |TAMS 0x00000000a4300000| PB 0x00000000a4300000| Untracked |  0
|  34|0x00000000a4400000, 0x00000000a4400000, 0x00000000a4500000|  0%| F|  |TAMS 0x00000000a4400000| PB 0x00000000a4400000| Untracked |  0
|  35|0x00000000a4500000, 0x00000000a4500000, 0x00000000a4600000|  0%| F|  |TAMS 0x00000000a4500000| PB 0x00000000a4500000| Untracked |  0
|  36|0x00000000a4600000, 0x00000000a4600000, 0x00000000a4700000|  0%| F|  |TAMS 0x00000000a4600000| PB 0x00000000a4600000| Untracked |  0
|  37|0x00000000a4700000, 0x00000000a4700000, 0x00000000a4800000|  0%| F|  |TAMS 0x00000000a4700000| PB 0x00000000a4700000| Untracked |  0
|  38|0x00000000a4800000, 0x00000000a4800000, 0x00000000a4900000|  0%| F|  |TAMS 0x00000000a4800000| PB 0x00000000a4800000| Untracked |  0
|  39|0x00000000a4900000, 0x00000000a4900000, 0x00000000a4a00000|  0%| F|  |TAMS 0x00000000a4900000| PB 0x00000000a4900000| Untracked |  0
|  40|0x00000000a4a00000, 0x00000000a4a00000, 0x00000000a4b00000|  0%| F|  |TAMS 0x00000000a4a00000| PB 0x00000000a4a00000| Untracked |  0
|  41|0x00000000a4b00000, 0x00000000a4b00000, 0x00000000a4c00000|  0%| F|  |TAMS 0x00000000a4b00000| PB 0x00000000a4b00000| Untracked |  0
|  42|0x00000000a4c00000, 0x00000000a4c00000, 0x00000000a4d00000|  0%| F|  |TAMS 0x00000000a4c00000| PB 0x00000000a4c00000| Untracked |  0
|  43|0x00000000a4d00000, 0x00000000a4d00000, 0x00000000a4e00000|  0%| F|  |TAMS 0x00000000a4d00000| PB 0x00000000a4d00000| Untracked |  0
|  44|0x00000000a4e00000, 0x00000000a4e00000, 0x00000000a4f00000|  0%| F|  |TAMS 0x00000000a4e00000| PB 0x00000000a4e00000| Untracked |  0
|  45|0x00000000a4f00000, 0x00000000a4f00000, 0x00000000a5000000|  0%| F|  |TAMS 0x00000000a4f00000| PB 0x00000000a4f00000| Untracked |  0
|  46|0x00000000a5000000, 0x00000000a5000000, 0x00000000a5100000|  0%| F|  |TAMS 0x00000000a5000000| PB 0x00000000a5000000| Untracked |  0
|  47|0x00000000a5100000, 0x00000000a5100000, 0x00000000a5200000|  0%| F|  |TAMS 0x00000000a5100000| PB 0x00000000a5100000| Untracked |  0
|  48|0x00000000a5200000, 0x00000000a5200000, 0x00000000a5300000|  0%| F|  |TAMS 0x00000000a5200000| PB 0x00000000a5200000| Untracked |  0
|  49|0x00000000a5300000, 0x00000000a5300000, 0x00000000a5400000|  0%| F|  |TAMS 0x00000000a5300000| PB 0x00000000a5300000| Untracked |  0
|  50|0x00000000a5400000, 0x00000000a5400000, 0x00000000a5500000|  0%| F|  |TAMS 0x00000000a5400000| PB 0x00000000a5400000| Untracked |  0
|  51|0x00000000a5500000, 0x00000000a5500000, 0x00000000a5600000|  0%| F|  |TAMS 0x00000000a5500000| PB 0x00000000a5500000| Untracked |  0
|  52|0x00000000a5600000, 0x00000000a5600000, 0x00000000a5700000|  0%| F|  |TAMS 0x00000000a5600000| PB 0x00000000a5600000| Untracked |  0
|  53|0x00000000a5700000, 0x00000000a5700000, 0x00000000a5800000|  0%| F|  |TAMS 0x00000000a5700000| PB 0x00000000a5700000| Untracked |  0
|  54|0x00000000a5800000, 0x00000000a5800000, 0x00000000a5900000|  0%| F|  |TAMS 0x00000000a5800000| PB 0x00000000a5800000| Untracked |  0
|  55|0x00000000a5900000, 0x00000000a5900000, 0x00000000a5a00000|  0%| F|  |TAMS 0x00000000a5900000| PB 0x00000000a5900000| Untracked |  0
|  56|0x00000000a5a00000, 0x00000000a5a00000, 0x00000000a5b00000|  0%| F|  |TAMS 0x00000000a5a00000| PB 0x00000000a5a00000| Untracked |  0
|  57|0x00000000a5b00000, 0x00000000a5b00000, 0x00000000a5c00000|  0%| F|  |TAMS 0x00000000a5b00000| PB 0x00000000a5b00000| Untracked |  0
|  58|0x00000000a5c00000, 0x00000000a5c00000, 0x00000000a5d00000|  0%| F|  |TAMS 0x00000000a5c00000| PB 0x00000000a5c00000| Untracked |  0
|  59|0x00000000a5d00000, 0x00000000a5d00000, 0x00000000a5e00000|  0%| F|  |TAMS 0x00000000a5d00000| PB 0x00000000a5d00000| Untracked |  0
|  60|0x00000000a5e00000, 0x00000000a5e00000, 0x00000000a5f00000|  0%| F|  |TAMS 0x00000000a5e00000| PB 0x00000000a5e00000| Untracked |  0
|  61|0x00000000a5f00000, 0x00000000a5f00000, 0x00000000a6000000|  0%| F|  |TAMS 0x00000000a5f00000| PB 0x00000000a5f00000| Untracked |  0
|  62|0x00000000a6000000, 0x00000000a6000000, 0x00000000a6100000|  0%| F|  |TAMS 0x00000000a6000000| PB 0x00000000a6000000| Untracked |  0
|  63|0x00000000a6100000, 0x00000000a6100000, 0x00000000a6200000|  0%| F|  |TAMS 0x00000000a6100000| PB 0x00000000a6100000| Untracked |  0
|  64|0x00000000a6200000, 0x00000000a6200000, 0x00000000a6300000|  0%| F|  |TAMS 0x00000000a6200000| PB 0x00000000a6200000| Untracked |  0
|  65|0x00000000a6300000, 0x00000000a6300000, 0x00000000a6400000|  0%| F|  |TAMS 0x00000000a6300000| PB 0x00000000a6300000| Untracked |  0
|  66|0x00000000a6400000, 0x00000000a6400000, 0x00000000a6500000|  0%| F|  |TAMS 0x00000000a6400000| PB 0x00000000a6400000| Untracked |  0
|  67|0x00000000a6500000, 0x00000000a6500000, 0x00000000a6600000|  0%| F|  |TAMS 0x00000000a6500000| PB 0x00000000a6500000| Untracked |  0
|  68|0x00000000a6600000, 0x00000000a6600000, 0x00000000a6700000|  0%| F|  |TAMS 0x00000000a6600000| PB 0x00000000a6600000| Untracked |  0
|  69|0x00000000a6700000, 0x00000000a6700000, 0x00000000a6800000|  0%| F|  |TAMS 0x00000000a6700000| PB 0x00000000a6700000| Untracked |  0
|  70|0x00000000a6800000, 0x00000000a6800000, 0x00000000a6900000|  0%| F|  |TAMS 0x00000000a6800000| PB 0x00000000a6800000| Untracked |  0
|  71|0x00000000a6900000, 0x00000000a6900000, 0x00000000a6a00000|  0%| F|  |TAMS 0x00000000a6900000| PB 0x00000000a6900000| Untracked |  0
|  72|0x00000000a6a00000, 0x00000000a6a00000, 0x00000000a6b00000|  0%| F|  |TAMS 0x00000000a6a00000| PB 0x00000000a6a00000| Untracked |  0
|  73|0x00000000a6b00000, 0x00000000a6b00000, 0x00000000a6c00000|  0%| F|  |TAMS 0x00000000a6b00000| PB 0x00000000a6b00000| Untracked |  0
|  74|0x00000000a6c00000, 0x00000000a6c00000, 0x00000000a6d00000|  0%| F|  |TAMS 0x00000000a6c00000| PB 0x00000000a6c00000| Untracked |  0
|  75|0x00000000a6d00000, 0x00000000a6d00000, 0x00000000a6e00000|  0%| F|  |TAMS 0x00000000a6d00000| PB 0x00000000a6d00000| Untracked |  0
|  76|0x00000000a6e00000, 0x00000000a6e00000, 0x00000000a6f00000|  0%| F|  |TAMS 0x00000000a6e00000| PB 0x00000000a6e00000| Untracked |  0
|  77|0x00000000a6f00000, 0x00000000a6f00000, 0x00000000a7000000|  0%| F|  |TAMS 0x00000000a6f00000| PB 0x00000000a6f00000| Untracked |  0
|  78|0x00000000a7000000, 0x00000000a7000000, 0x00000000a7100000|  0%| F|  |TAMS 0x00000000a7000000| PB 0x00000000a7000000| Untracked |  0
|  79|0x00000000a7100000, 0x00000000a7100000, 0x00000000a7200000|  0%| F|  |TAMS 0x00000000a7100000| PB 0x00000000a7100000| Untracked |  0
|  80|0x00000000a7200000, 0x00000000a7200000, 0x00000000a7300000|  0%| F|  |TAMS 0x00000000a7200000| PB 0x00000000a7200000| Untracked |  0
|  81|0x00000000a7300000, 0x00000000a7300000, 0x00000000a7400000|  0%| F|  |TAMS 0x00000000a7300000| PB 0x00000000a7300000| Untracked |  0
|  82|0x00000000a7400000, 0x00000000a7400000, 0x00000000a7500000|  0%| F|  |TAMS 0x00000000a7400000| PB 0x00000000a7400000| Untracked |  0
|  83|0x00000000a7500000, 0x00000000a7500000, 0x00000000a7600000|  0%| F|  |TAMS 0x00000000a7500000| PB 0x00000000a7500000| Untracked |  0
|  84|0x00000000a7600000, 0x00000000a7600000, 0x00000000a7700000|  0%| F|  |TAMS 0x00000000a7600000| PB 0x00000000a7600000| Untracked |  0
|  85|0x00000000a7700000, 0x00000000a7700000, 0x00000000a7800000|  0%| F|  |TAMS 0x00000000a7700000| PB 0x00000000a7700000| Untracked |  0
|  86|0x00000000a7800000, 0x00000000a787ae28, 0x00000000a7900000| 48%| E|  |TAMS 0x00000000a7800000| PB 0x00000000a7800000| Complete |  0
|  87|0x00000000a7900000, 0x00000000a7a00000, 0x00000000a7a00000|100%| E|CS|TAMS 0x00000000a7900000| PB 0x00000000a7900000| Complete |  0
|  88|0x00000000a7a00000, 0x00000000a7b00000, 0x00000000a7b00000|100%| E|CS|TAMS 0x00000000a7a00000| PB 0x00000000a7a00000| Complete |  0
|  89|0x00000000a7b00000, 0x00000000a7c00000, 0x00000000a7c00000|100%| E|CS|TAMS 0x00000000a7b00000| PB 0x00000000a7b00000| Complete |  0
|  90|0x00000000a7c00000, 0x00000000a7d00000, 0x00000000a7d00000|100%| E|CS|TAMS 0x00000000a7c00000| PB 0x00000000a7c00000| Complete |  0
|  91|0x00000000a7d00000, 0x00000000a7e00000, 0x00000000a7e00000|100%| E|CS|TAMS 0x00000000a7d00000| PB 0x00000000a7d00000| Complete |  0
|  92|0x00000000a7e00000, 0x00000000a7f00000, 0x00000000a7f00000|100%| E|CS|TAMS 0x00000000a7e00000| PB 0x00000000a7e00000| Complete |  0
|  93|0x00000000a7f00000, 0x00000000a8000000, 0x00000000a8000000|100%| E|CS|TAMS 0x00000000a7f00000| PB 0x00000000a7f00000| Complete |  0

Card table byte_map: [0x00000256002f0000,0x00000256005e0000] _byte_map_base: 0x00000255ffddf000

Marking Bits: (CMBitMap*) 0x00000256686c0de0
 Bits: [0x00000256005e0000, 0x0000025601d58000)

Polling page: 0x0000025666430000

Metaspace:

Usage:
  Non-class:      5.62 MB used.
      Class:    702.77 KB used.
       Both:      6.30 MB used.

Virtual space:
  Non-class space:       64.00 MB reserved,       5.75 MB (  9%) committed,  1 nodes.
      Class space:        1.00 GB reserved,     832.00 KB ( <1%) committed,  1 nodes.
             Both:        1.06 GB reserved,       6.56 MB ( <1%) committed. 

Chunk freelists:
   Non-Class:  10.12 MB
       Class:  15.24 MB
        Both:  25.36 MB

MaxMetaspaceSize: unlimited
CompressedClassSpaceSize: 1.00 GB
Initial GC threshold: 21.00 MB
Current GC threshold: 21.00 MB
CDS: on
 - commit_granule_bytes: 65536.
 - commit_granule_words: 8192.
 - virtual_space_node_default_size: 8388608.
 - enlarge_chunks_in_place: 1.
 - use_allocation_guard: 0.


Internal statistics:

num_allocs_failed_limit: 0.
num_arena_births: 140.
num_arena_deaths: 0.
num_vsnodes_births: 2.
num_vsnodes_deaths: 0.
num_space_committed: 105.
num_space_uncommitted: 0.
num_chunks_returned_to_freelist: 0.
num_chunks_taken_from_freelist: 173.
num_chunk_merges: 0.
num_chunk_splits: 102.
num_chunks_enlarged: 37.
num_inconsistent_stats: 0.

CodeHeap 'non-profiled nmethods': size=120000Kb used=251Kb max_used=251Kb free=119748Kb
 bounds [0x0000025678490000, 0x0000025678700000, 0x000002567f9c0000]
CodeHeap 'profiled nmethods': size=120000Kb used=1367Kb max_used=1367Kb free=118633Kb
 bounds [0x00000256709c0000, 0x0000025670c30000, 0x0000025677ef0000]
CodeHeap 'non-nmethods': size=5760Kb used=1521Kb max_used=1536Kb free=4238Kb
 bounds [0x0000025677ef0000, 0x0000025678160000, 0x0000025678490000]
 total_blobs=1514 nmethods=923 adapters=496
 compilation: enabled
              stopped_count=0, restarted_count=0
 full_count=0

Compilation events (20 events):
Event: 27.505 Thread 0x00000256049a75f0  914       3       sun.java2d.StateTrackableDelegate$1::isCurrent (17 bytes)
Event: 27.506 Thread 0x00000256049a75f0 nmethod 914 0x0000025670b14710 code [0x0000025670b148a0, 0x0000025670b14a08]
Event: 29.136 Thread 0x00000256049a75f0  915   !   3       java.lang.Object::wait (50 bytes)
Event: 29.137 Thread 0x00000256049a75f0 nmethod 915 0x0000025670b14a90 code [0x0000025670b14ca0, 0x0000025670b151e8]
Event: 476.255 Thread 0x000002560499a7e0  916       4       java.util.Arrays::copyOf (40 bytes)
Event: 476.269 Thread 0x000002560499a7e0 nmethod 916 0x00000256784ccb10 code [0x00000256784cccc0, 0x00000256784cd158]
Event: 481.024 Thread 0x00000256049a75f0  917       3       java.lang.Class::getComponentType (14 bytes)
Event: 481.025 Thread 0x00000256049a75f0 nmethod 917 0x0000025670b15490 code [0x0000025670b15640, 0x0000025670b157f0]
Event: 487.542 Thread 0x00000256049a75f0  918       3       java.lang.reflect.Array::newInstance (6 bytes)
Event: 487.543 Thread 0x00000256049a75f0 nmethod 918 0x0000025670b15890 code [0x0000025670b15a40, 0x0000025670b15b58]
Event: 490.262 Thread 0x000002560499a7e0  919       4       java.util.Arrays::copyOf (40 bytes)
Event: 490.269 Thread 0x000002560499a7e0 nmethod 919 0x00000256784cd390 code [0x00000256784cd540, 0x00000256784cda10]
Event: 533.394 Thread 0x000002560499a7e0  920   !   4       jdk.internal.misc.Blocker::begin (97 bytes)
Event: 533.400 Thread 0x000002560499a7e0 nmethod 920 0x00000256784cdc90 code [0x00000256784cde20, 0x00000256784cdee8]
Event: 533.827 Thread 0x000002560499a7e0  921       4       jdk.internal.misc.Blocker::end (71 bytes)
Event: 533.828 Thread 0x000002560499a7e0 nmethod 921 0x00000256784ce010 code [0x00000256784ce180, 0x00000256784ce218]
Event: 557.850 Thread 0x000002560499a7e0  922   !   4       java.lang.Object::wait (50 bytes)
Event: 557.852 Thread 0x000002560499a7e0 nmethod 922 0x00000256784ce310 code [0x00000256784ce4c0, 0x00000256784ce620]
Event: 581.082 Thread 0x000002560499a7e0  923       4       java.util.ArrayList::toArray (57 bytes)
Event: 581.086 Thread 0x000002560499a7e0 nmethod 923 0x00000256784ce810 code [0x00000256784ce9a0, 0x00000256784ced40]

GC Heap History (0 events):
No events

Dll operation events (9 events):
Event: 0.012 Loaded shared library C:\Program Files\Java\jdk-22\bin\java.dll
Event: 0.055 Loaded shared library C:\Program Files\Java\jdk-22\bin\jsvml.dll
Event: 0.104 Loaded shared library C:\Program Files\Java\jdk-22\bin\net.dll
Event: 0.106 Loaded shared library C:\Program Files\Java\jdk-22\bin\nio.dll
Event: 0.138 Loaded shared library C:\Program Files\Java\jdk-22\bin\zip.dll
Event: 0.160 Loaded shared library C:\Program Files\Java\jdk-22\bin\jimage.dll
Event: 0.185 Loaded shared library C:\Program Files\Java\jdk-22\bin\awt.dll
Event: 0.542 Loaded shared library C:\Program Files\Java\jdk-22\bin\freetype.dll
Event: 0.543 Loaded shared library C:\Program Files\Java\jdk-22\bin\fontmanager.dll

Deoptimization events (11 events):
Event: 0.423 Thread 0x00000256664694a0 Uncommon trap: trap_request=0xffffff45 fr.pc=0x000002567849ff3c relative=0x00000000000009fc
Event: 0.423 Thread 0x00000256664694a0 Uncommon trap: reason=unstable_if action=reinterpret pc=0x000002567849ff3c method=java.util.HashMap.putVal(ILjava/lang/Object;Ljava/lang/Object;ZZ)Ljava/lang/Object; @ 236 c2
Event: 0.423 Thread 0x00000256664694a0 DEOPT PACKING pc=0x000002567849ff3c sp=0x0000007aad1fdfe0
Event: 0.423 Thread 0x00000256664694a0 DEOPT UNPACKING pc=0x0000025677f446a2 sp=0x0000007aad1fdf98 mode 2
Event: 476.359 Thread 0x0000025604c2fee0 Uncommon trap: trap_request=0xffffffcc fr.pc=0x00000256784ccf08 relative=0x0000000000000248
Event: 476.359 Thread 0x0000025604c2fee0 Uncommon trap: reason=intrinsic_or_type_checked_inlining action=make_not_entrant pc=0x00000256784ccf08 method=java.util.Arrays.copyOf([Ljava/lang/Object;ILjava/lang/Class;)[Ljava/lang/Object; @ 35 c2
Event: 476.359 Thread 0x0000025604c2fee0 DEOPT PACKING pc=0x00000256784ccf08 sp=0x0000007aaf3ff2a0
Event: 476.359 Thread 0x0000025604c2fee0 DEOPT UNPACKING pc=0x0000025677f446a2 sp=0x0000007aaf3ff230 mode 2
Event: 581.188 Thread 0x0000025604c2fee0 Uncommon trap: trap_request=0xffffffdc fr.pc=0x00000256784ceb44 relative=0x00000000000001a4
Event: 581.188 Thread 0x0000025604c2fee0 Uncommon trap: reason=class_check action=make_not_entrant pc=0x00000256784ceb44 method=java.util.ArrayList.toArray([Ljava/lang/Object;)[Ljava/lang/Object; @ 21 c2
Event: 581.188 Thread 0x0000025604c2fee0 DEOPT PACKING pc=0x00000256784ceb44 sp=0x0000007aaf3ff300

Classes loaded (20 events):
Event: 0.742 Loading class java/text/AttributedCharacterIterator done
Event: 0.742 Loading class java/text/AttributedString$AttributedStringIterator done
Event: 0.743 Loading class java/awt/TextComponent
Event: 0.743 Loading class java/awt/TextComponent done
Event: 0.743 Loading class javax/swing/text/JTextComponent
Event: 0.744 Loading class javax/swing/Scrollable
Event: 0.744 Loading class javax/swing/Scrollable done
Event: 0.744 Loading class javax/swing/text/JTextComponent done
Event: 2.166 Loading class java/awt/event/MouseEvent$1
Event: 2.166 Loading class sun/awt/AWTAccessor$MouseEventAccessor
Event: 2.166 Loading class sun/awt/AWTAccessor$MouseEventAccessor done
Event: 2.166 Loading class java/awt/event/MouseEvent$1 done
Event: 2.167 Loading class java/awt/Cursor$CursorDisposer
Event: 2.167 Loading class java/awt/Cursor$CursorDisposer done
Event: 2.168 Loading class java/awt/event/MouseWheelEvent
Event: 2.169 Loading class java/awt/event/MouseWheelEvent done
Event: 6.520 Loading class java/applet/Applet
Event: 6.520 Loading class java/awt/Panel
Event: 6.520 Loading class java/awt/Panel done
Event: 6.520 Loading class java/applet/Applet done

Classes unloaded (0 events):
No events

Classes redefined (0 events):
No events

Internal exceptions (14 events):
Event: 0.107 Thread 0x00000256664694a0 Exception <a 'sun/nio/fs/WindowsException'{0x00000000a7ebca60}> (0x00000000a7ebca60) 
thrown [s\open\src\hotspot\share\prims\jni.cpp, line 520]
Event: 0.110 Thread 0x00000256664694a0 Exception <a 'sun/nio/fs/WindowsException'{0x00000000a7ebf108}> (0x00000000a7ebf108) 
thrown [s\open\src\hotspot\share\prims\jni.cpp, line 520]
Event: 0.110 Thread 0x00000256664694a0 Exception <a 'sun/nio/fs/WindowsException'{0x00000000a7ebfc78}> (0x00000000a7ebfc78) 
thrown [s\open\src\hotspot\share\prims\jni.cpp, line 520]
Event: 0.170 Thread 0x00000256664694a0 Exception <a 'java/lang/ClassNotFoundException'{0x00000000a7d92f18}: sun/awt/resources/spi/awtProvider> (0x00000000a7d92f18) 
thrown [s\open\src\hotspot\share\classfile\systemDictionary.cpp, line 313]
Event: 0.204 Thread 0x00000256664694a0 Exception <a 'java/io/FileNotFoundException'{0x00000000a7de6bb0}> (0x00000000a7de6bb0) 
thrown [s\open\src\hotspot\share\prims\jni.cpp, line 520]
Event: 0.215 Thread 0x00000256664694a0 Exception <a 'java/io/FileNotFoundException'{0x00000000a7c15480}> (0x00000000a7c15480) 
thrown [s\open\src\hotspot\share\prims\jni.cpp, line 520]
Event: 0.427 Thread 0x00000256664694a0 Exception <a 'java/lang/NoSuchMethodError'{0x00000000a7cae860}: 'void java.lang.invoke.DirectMethodHandle$Holder.invokeSpecial(java.lang.Object, java.lang.Object, java.lang.Object)'> (0x00000000a7cae860) 
thrown [s\open\src\hotspot\share\interpreter\linkResolver.cpp, line 774]
Event: 0.438 Thread 0x00000256664694a0 Exception <a 'java/lang/NoSuchMethodError'{0x00000000a7cd4c40}: 'java.lang.Object java.lang.invoke.DirectMethodHandle$Holder.newInvokeSpecial(java.lang.Object, java.lang.Object, java.lang.Object, java.lang.Object, java.lang.Object)'> (0x00000000a7cd4c40) 
thrown [s\open\src\hotspot\share\interpreter\linkResolver.cpp, line 774]
Event: 0.447 Thread 0x00000256664694a0 Exception <a 'java/lang/NoSuchMethodError'{0x00000000a7b86958}: 'java.lang.Object java.lang.invoke.DirectMethodHandle$Holder.invokeStatic(java.lang.Object, int, java.lang.Object)'> (0x00000000a7b86958) 
thrown [s\open\src\hotspot\share\interpreter\linkResolver.cpp, line 774]
Event: 0.479 Thread 0x00000256664694a0 Exception <a 'java/lang/ClassNotFoundException'{0x00000000a7a28b90}: com/sun/swing/internal/plaf/metal/resources/spi/metalProvider> (0x00000000a7a28b90) 
thrown [s\open\src\hotspot\share\classfile\systemDictionary.cpp, line 313]
Event: 0.481 Thread 0x00000256664694a0 Exception <a 'java/lang/ClassNotFoundException'{0x00000000a7a2cb40}: com/sun/swing/internal/plaf/basic/resources/spi/basicProvider> (0x00000000a7a2cb40) 
thrown [s\open\src\hotspot\share\classfile\systemDictionary.cpp, line 313]
Event: 0.496 Thread 0x00000256664694a0 Exception <a 'java/lang/NoSuchMethodError'{0x00000000a7a4c230}: 'int java.lang.invoke.Invokers$Holder.invokeExact_MT(java.lang.Object, java.lang.Object)'> (0x00000000a7a4c230) 
thrown [s\open\src\hotspot\share\interpreter\linkResolver.cpp, line 774]
Event: 0.512 Thread 0x0000025604e68150 Exception <a 'java/lang/NoSuchMethodError'{0x00000000a7b0efb0}: 'void java.lang.invoke.DirectMethodHandle$Holder.invokeVirtual(java.lang.Object, java.lang.Object)'> (0x00000000a7b0efb0) 
thrown [s\open\src\hotspot\share\interpreter\linkResolver.cpp, line 774]
Event: 0.536 Thread 0x00000256664694a0 Exception <a 'java/lang/NoSuchMethodError'{0x00000000a7a750b8}: 'void java.lang.invoke.DirectMethodHandle$Holder.invokeStaticInit(java.lang.Object)'> (0x00000000a7a750b8) 
thrown [s\open\src\hotspot\share\interpreter\linkResolver.cpp, line 774]

ZGC Phase Switch (0 events):
No events

VM Operations (20 events):
Event: 1.523 Executing VM operation: Cleanup
Event: 1.523 Executing VM operation: Cleanup done
Event: 2.529 Executing VM operation: Cleanup
Event: 2.529 Executing VM operation: Cleanup done
Event: 3.535 Executing VM operation: Cleanup
Event: 3.535 Executing VM operation: Cleanup done
Event: 6.557 Executing VM operation: Cleanup
Event: 6.557 Executing VM operation: Cleanup done
Event: 8.575 Executing VM operation: Cleanup
Event: 8.576 Executing VM operation: Cleanup done
Event: 9.585 Executing VM operation: Cleanup
Event: 9.585 Executing VM operation: Cleanup done
Event: 10.599 Executing VM operation: Cleanup
Event: 10.599 Executing VM operation: Cleanup done
Event: 12.621 Executing VM operation: Cleanup
Event: 12.621 Executing VM operation: Cleanup done
Event: 60.144 Executing VM operation: HandshakeAllThreads (HandshakeForDeflation)
Event: 60.144 Executing VM operation: HandshakeAllThreads (HandshakeForDeflation) done
Event: 60.144 Executing VM operation: RendezvousGCThreads
Event: 60.144 Executing VM operation: RendezvousGCThreads done

Events (20 events):
Event: 0.033 Thread 0x00000256664694a0 Thread added: 0x00000256664694a0
Event: 0.051 Thread 0x0000025604993e80 Thread added: 0x0000025604993e80
Event: 0.051 Thread 0x00000256049948e0 Thread added: 0x00000256049948e0
Event: 0.052 Thread 0x0000025604995470 Thread added: 0x0000025604995470
Event: 0.052 Thread 0x0000025604998050 Thread added: 0x0000025604998050
Event: 0.052 Thread 0x000002560499b680 Thread added: 0x000002560499b680
Event: 0.052 Thread 0x00000256049992e0 Thread added: 0x00000256049992e0
Event: 0.052 Thread 0x000002560499a7e0 Thread added: 0x000002560499a7e0
Event: 0.053 Thread 0x00000256049a75f0 Thread added: 0x00000256049a75f0
Event: 0.086 Thread 0x0000025604bb8660 Thread added: 0x0000025604bb8660
Event: 0.130 Thread 0x0000025604d1d7c0 Thread added: 0x0000025604d1d7c0
Event: 0.135 Thread 0x0000025604d13ec0 Thread added: 0x0000025604d13ec0
Event: 0.285 Thread 0x0000025604e5bac0 Thread added: 0x0000025604e5bac0
Event: 0.286 Thread 0x0000025604e60c00 Thread added: 0x0000025604e60c00
Event: 0.289 Thread 0x0000025604e68150 Thread added: 0x0000025604e68150
Event: 0.307 Thread 0x0000025604d13ec0 Thread exited: 0x0000025604d13ec0
Event: 0.511 Thread 0x000002564cecaf20 Thread added: 0x000002564cecaf20
Event: 0.650 Thread 0x00000256664694a0 Thread exited: 0x00000256664694a0
Event: 0.650 Thread 0x00000256664694a0 Thread added: 0x00000256664694a0
Event: 0.659 Thread 0x0000025604c2fee0 Thread added: 0x0000025604c2fee0


Dynamic libraries:
0x00007ff6c68e0000 - 0x00007ff6c68f0000 	C:\Program Files\Java\jdk-22\bin\java.exe
0x00007ffc31e70000 - 0x00007ffc32087000 	C:\WINDOWS\SYSTEM32\ntdll.dll
0x00007ffc30000000 - 0x00007ffc300c4000 	C:\WINDOWS\System32\KERNEL32.DLL
0x00007ffc2f140000 - 0x00007ffc2f4fa000 	C:\WINDOWS\System32\KERNELBASE.dll
0x00007ffc2f680000 - 0x00007ffc2f791000 	C:\WINDOWS\System32\ucrtbase.dll
0x00007ffc26d80000 - 0x00007ffc26d97000 	C:\Program Files\Java\jdk-22\bin\jli.dll
0x00007ffc26a80000 - 0x00007ffc26a9b000 	C:\Program Files\Java\jdk-22\bin\VCRUNTIME140.dll
0x00007ffc317d0000 - 0x00007ffc31882000 	C:\WINDOWS\System32\ADVAPI32.dll
0x00007ffc30ff0000 - 0x00007ffc31097000 	C:\WINDOWS\System32\msvcrt.dll
0x00007ffc31370000 - 0x00007ffc31417000 	C:\WINDOWS\System32\sechost.dll
0x00007ffc2f650000 - 0x00007ffc2f678000 	C:\WINDOWS\System32\bcrypt.dll
0x00007ffc31b50000 - 0x00007ffc31c64000 	C:\WINDOWS\System32\RPCRT4.dll
0x00007ffc31620000 - 0x00007ffc317ce000 	C:\WINDOWS\System32\USER32.dll
0x00007ffc2f620000 - 0x00007ffc2f646000 	C:\WINDOWS\System32\win32u.dll
0x00007ffc17120000 - 0x00007ffc173b2000 	C:\WINDOWS\WinSxS\amd64_microsoft.windows.common-controls_6595b64144ccf1df_6.0.22621.4541_none_2710d1c57384c085\COMCTL32.dll
0x00007ffc31590000 - 0x00007ffc315b9000 	C:\WINDOWS\System32\GDI32.dll
0x00007ffc2f500000 - 0x00007ffc2f61b000 	C:\WINDOWS\System32\gdi32full.dll
0x00007ffc2fad0000 - 0x00007ffc2fb6a000 	C:\WINDOWS\System32\msvcp_win.dll
0x00007ffc26210000 - 0x00007ffc2621a000 	C:\WINDOWS\SYSTEM32\VERSION.dll
0x00007ffc315e0000 - 0x00007ffc31611000 	C:\WINDOWS\System32\IMM32.DLL
0x00007ffc2ade0000 - 0x00007ffc2adec000 	C:\Program Files\Java\jdk-22\bin\vcruntime140_1.dll
0x00007ffc065e0000 - 0x00007ffc0666e000 	C:\Program Files\Java\jdk-22\bin\msvcp140.dll
0x00007ffbc0310000 - 0x00007ffbc1057000 	C:\Program Files\Java\jdk-22\bin\server\jvm.dll
0x00007ffc30460000 - 0x00007ffc304d1000 	C:\WINDOWS\System32\WS2_32.dll
0x00007ffc2f010000 - 0x00007ffc2f05d000 	C:\WINDOWS\SYSTEM32\POWRPROF.dll
0x00007ffc29fe0000 - 0x00007ffc2a014000 	C:\WINDOWS\SYSTEM32\WINMM.dll
0x00007ffc2ef40000 - 0x00007ffc2ef53000 	C:\WINDOWS\SYSTEM32\UMPDC.dll
0x00007ffc2e160000 - 0x00007ffc2e178000 	C:\WINDOWS\SYSTEM32\kernel.appcore.dll
0x00007ffc2a020000 - 0x00007ffc2a02a000 	C:\Program Files\Java\jdk-22\bin\jimage.dll
0x00007ffc2c760000 - 0x00007ffc2c992000 	C:\WINDOWS\SYSTEM32\DBGHELP.DLL
0x00007ffc300d0000 - 0x00007ffc3045f000 	C:\WINDOWS\System32\combase.dll
0x00007ffc30f10000 - 0x00007ffc30fe7000 	C:\WINDOWS\System32\OLEAUT32.dll
0x00007ffc27390000 - 0x00007ffc273c2000 	C:\WINDOWS\SYSTEM32\dbgcore.DLL
0x00007ffc2f7a0000 - 0x00007ffc2f81b000 	C:\WINDOWS\System32\bcryptPrimitives.dll
0x00007ffc26a60000 - 0x00007ffc26a7e000 	C:\Program Files\Java\jdk-22\bin\java.dll
0x00007ffc30690000 - 0x00007ffc30f08000 	C:\WINDOWS\System32\SHELL32.dll
0x00007ffc304e0000 - 0x00007ffc30685000 	C:\WINDOWS\System32\ole32.dll
0x00007ffc2cec0000 - 0x00007ffc2d7c8000 	C:\WINDOWS\SYSTEM32\windows.storage.dll
0x00007ffc2d800000 - 0x00007ffc2d93f000 	C:\WINDOWS\SYSTEM32\wintypes.dll
0x00007ffc31220000 - 0x00007ffc3131a000 	C:\WINDOWS\System32\SHCORE.dll
0x00007ffc310a0000 - 0x00007ffc310fe000 	C:\WINDOWS\System32\shlwapi.dll
0x00007ffc2f070000 - 0x00007ffc2f09b000 	C:\WINDOWS\SYSTEM32\profapi.dll
0x00007ffc10920000 - 0x00007ffc109f7000 	C:\Program Files\Java\jdk-22\bin\jsvml.dll
0x00007ffc27940000 - 0x00007ffc27950000 	C:\Program Files\Java\jdk-22\bin\net.dll
0x00007ffc2e600000 - 0x00007ffc2e669000 	C:\WINDOWS\system32\mswsock.dll
0x00007ffc10b70000 - 0x00007ffc10b86000 	C:\Program Files\Java\jdk-22\bin\nio.dll
0x00007ffc10b50000 - 0x00007ffc10b67000 	C:\Program Files\Java\jdk-22\bin\zip.dll
0x00007ffbcdf10000 - 0x00007ffbce09e000 	C:\Program Files\Java\jdk-22\bin\awt.dll
0x00007ffc28bf0000 - 0x00007ffc28c87000 	C:\WINDOWS\SYSTEM32\apphelp.dll
0x00007ffc2b8c0000 - 0x00007ffc2b8eb000 	C:\WINDOWS\system32\DWMAPI.DLL
0x00007ffc2b470000 - 0x00007ffc2b521000 	C:\WINDOWS\system32\uxtheme.dll
0x00007ffc10d90000 - 0x00007ffc10e90000 	C:\WINDOWS\system32\opengl32.dll
0x00007ffbe21e0000 - 0x00007ffbe220d000 	C:\WINDOWS\SYSTEM32\GLU32.dll
0x00007ffc2bd70000 - 0x00007ffc2bda7000 	C:\WINDOWS\SYSTEM32\dxcore.dll
0x00007ffc31420000 - 0x00007ffc31581000 	C:\WINDOWS\System32\MSCTF.dll
0x00007ffc11440000 - 0x00007ffc115e8000 	C:\WINDOWS\system32\d3d9.dll
0x00007ffc0fd70000 - 0x00007ffc0ff2b000 	C:\WINDOWS\System32\DriverStore\FileRepository\u0404276.inf_amd64_b6ae906c9d4ab767\B403905\aticfx64.dll
0x00007ffbdf600000 - 0x00007ffbdf634000 	C:\WINDOWS\System32\DriverStore\FileRepository\u0404276.inf_amd64_b6ae906c9d4ab767\B403905\atiu9p64.dll
0x00007ffbcf8a0000 - 0x00007ffbd05e7000 	C:\WINDOWS\System32\DriverStore\FileRepository\u0404276.inf_amd64_b6ae906c9d4ab767\B403905\atiumd64.dll
0x0000000054550000 - 0x0000000055463000 	C:\WINDOWS\System32\DriverStore\FileRepository\u0404276.inf_amd64_b6ae906c9d4ab767\B403905\atiumd6a.dll
0x00007ffc2fb70000 - 0x00007ffc2ffe4000 	C:\WINDOWS\System32\SETUPAPI.dll
0x00007ffc0ddb0000 - 0x00007ffc0dde5000 	C:\WINDOWS\SYSTEM32\amdihk64.dll
0x00007ffc1d7a0000 - 0x00007ffc1d7e9000 	C:\WINDOWS\SYSTEM32\directxdatabasehelper.dll
0x00007ffc06550000 - 0x00007ffc065d7000 	C:\Program Files\Java\jdk-22\bin\freetype.dll
0x00007ffc043d0000 - 0x00007ffc044a7000 	C:\Program Files\Java\jdk-22\bin\fontmanager.dll
0x00007ffc0ca50000 - 0x00007ffc0cb95000 	C:\WINDOWS\SYSTEM32\textinputframework.dll
0x00007ffc04fd0000 - 0x00007ffc05419000 	C:\Windows\System32\uiautomationcore.dll
0x00007ffc100c0000 - 0x00007ffc10129000 	C:\Windows\System32\OLEACC.dll
0x00007ffc31100000 - 0x00007ffc311b0000 	C:\WINDOWS\System32\clbcatq.dll
0x00007ffc28790000 - 0x00007ffc288c3000 	C:\WINDOWS\SYSTEM32\CoreMessaging.dll
0x00007ffc124d0000 - 0x00007ffc1283d000 	C:\WINDOWS\SYSTEM32\CoreUIComponents.dll
0x00007ffc2e870000 - 0x00007ffc2e87c000 	C:\WINDOWS\SYSTEM32\CRYPTBASE.DLL

dbghelp: loaded successfully - version: 4.0.5 - missing functions: none
symbol engine: initialized successfully - sym options: 0x614 - pdb path: .;C:\Program Files\Java\jdk-22\bin;C:\WINDOWS\SYSTEM32;C:\WINDOWS\WinSxS\amd64_microsoft.windows.common-controls_6595b64144ccf1df_6.0.22621.4541_none_2710d1c57384c085;C:\Program Files\Java\jdk-22\bin\server;C:\WINDOWS\System32\DriverStore\FileRepository\u0404276.inf_amd64_b6ae906c9d4ab767\B403905

VM Arguments:
jvm_args: -Dfile.encoding=UTF-8 --module-path=C:\Users\91811\OneDrive\Documents\NetBeansProjects\Bank Management System\build\classes 
java_command: bank.management.system.MiniStatement
java_class_path (initial): E:\JAVA LIBRARY;E:\JAVA LIBRARY\jcalendar-tz-1.3.3-4.jar;E:\JAVA LIBRARY\mysql-connector-java-8.0.28.jar;C:\Users\91811\OneDrive\Documents\NetBeansProjects\Bank Management System\build\classes
Launcher Type: SUN_STANDARD

[Global flags]
     intx CICompilerCount                          = 4                                         {product} {ergonomic}
     uint ConcGCThreads                            = 3                                         {product} {ergonomic}
     uint G1ConcRefinementThreads                  = 10                                        {product} {ergonomic}
   size_t G1HeapRegionSize                         = 1048576                                   {product} {ergonomic}
   size_t InitialHeapSize                          = 98566144                                  {product} {ergonomic}
   size_t MarkStackSize                            = 4194304                                   {product} {ergonomic}
   size_t MaxHeapSize                              = 1574961152                                {product} {ergonomic}
   size_t MaxNewSize                               = 944766976                                 {product} {ergonomic}
   size_t MinHeapDeltaBytes                        = 1048576                                   {product} {ergonomic}
   size_t MinHeapSize                              = 8388608                                   {product} {ergonomic}
    uintx NonNMethodCodeHeapSize                   = 5839372                                {pd product} {ergonomic}
    uintx NonProfiledCodeHeapSize                  = 122909434                              {pd product} {ergonomic}
    uintx ProfiledCodeHeapSize                     = 122909434                              {pd product} {ergonomic}
    uintx ReservedCodeCacheSize                    = 251658240                              {pd product} {ergonomic}
     bool SegmentedCodeCache                       = true                                      {product} {ergonomic}
   size_t SoftMaxHeapSize                          = 1574961152                             {manageable} {ergonomic}
     bool UseCompressedOops                        = true                           {product lp64_product} {ergonomic}
     bool UseG1GC                                  = true                                      {product} {ergonomic}
     bool UseLargePagesIndividualAllocation        = false                                  {pd product} {ergonomic}

Logging:
Log output configuration:
 #0: stdout all=warning uptime,level,tags foldmultilines=false
 #1: stderr all=off uptime,level,tags foldmultilines=false

Environment Variables:
PATH=C:\Program Files\Common Files\Oracle\Java\javapath;C:\Python 3.11.4\Scripts\;C:\Python 3.11.4\;C:\WINDOWS\system32;C:\WINDOWS;C:\WINDOWS\System32\Wbem;C:\WINDOWS\System32\WindowsPowerShell\v1.0\;C:\WINDOWS\System32\OpenSSH\;C:\MinGW\bin;C:\Program Files\nodejs\;C:\Program Files\MySQL\MySQL Server 8.0\bin;C:\Program Files\MySQL\MySQL Shell 8.0\bin\;C:\Users\91811\AppData\Local\Microsoft\WindowsApps;C:\Users\91811\AppData\Local\Programs\Microsoft VS Code\bin;C:\Users\91811\AppData\Roaming\npm
USERNAME=91811
OS=Windows_NT
PROCESSOR_IDENTIFIER=AMD64 Family 23 Model 104 Stepping 1, AuthenticAMD
TMP=C:\Users\91811\AppData\Local\Temp
TEMP=C:\Users\91811\AppData\Local\Temp




Periodic native trim disabled

---------------  S Y S T E M  ---------------

OS:
 Windows 11 , 64 bit Build 22621 (10.0.22621.4391)
OS uptime: 25 days 11:58 hours
Hyper-V role detected

CPU: total 12 (initial active 12) (12 cores per cpu, 2 threads per core) family 23 model 104 stepping 1 microcode 0x0, cx8, cmov, fxsr, ht, mmx, 3dnowpref, sse, sse2, sse3, ssse3, sse4a, sse4.1, sse4.2, popcnt, lzcnt, tsc, tscinvbit, avx, avx2, aes, clmul, bmi1, bmi2, adx, sha, fma, vzeroupper, clflush, clflushopt, hv, rdtscp, rdpid, f16c
Processor Information for processor 0
  Max Mhz: 2100, Current Mhz: 1893, Mhz Limit: 2100
Processor Information for processor 1
  Max Mhz: 2100, Current Mhz: 1893, Mhz Limit: 2100
Processor Information for processor 2
  Max Mhz: 2100, Current Mhz: 1893, Mhz Limit: 2100
Processor Information for processor 3
  Max Mhz: 2100, Current Mhz: 1893, Mhz Limit: 2100
Processor Information for processor 4
  Max Mhz: 2100, Current Mhz: 1893, Mhz Limit: 2100
Processor Information for processor 5
  Max Mhz: 2100, Current Mhz: 1893, Mhz Limit: 2100
Processor Information for processor 6
  Max Mhz: 2100, Current Mhz: 1893, Mhz Limit: 2100
Processor Information for processor 7
  Max Mhz: 2100, Current Mhz: 1893, Mhz Limit: 2100
Processor Information for processor 8
  Max Mhz: 2100, Current Mhz: 1813, Mhz Limit: 2100
Processor Information for processor 9
  Max Mhz: 2100, Current Mhz: 1813, Mhz Limit: 2100
Processor Information for processor 10
  Max Mhz: 2100, Current Mhz: 1813, Mhz Limit: 2100
Processor Information for processor 11
  Max Mhz: 2100, Current Mhz: 1813, Mhz Limit: 2100

Memory: 4k page, system-wide physical 6005M (475M free)
TotalPageFile size 24437M (AvailPageFile size 68M)
current process WorkingSet (physical memory assigned to process): 18M, peak: 77M
current process commit charge ("private bytes"): 227M, peak: 238M

vm_info: Java HotSpot(TM) 64-Bit Server VM (22.0.1+8-16) for windows-amd64 JRE (22.0.1+8-16), built on 2024-03-12T10:33:16Z by "mach5one" with MS VC++ 17.6 (VS2022)

END.
