#
# There is insufficient memory for the Java Runtime Environment to continue.
# Native memory allocation (mmap) failed to map 65536 bytes. Error detail: Failed to commit metaspace.
# Possible reasons:
#   The system is out of physical RAM or swap space
#   This process is running with CompressedOops enabled, and the Java Heap may be blocking the growth of the native heap
# Possible solutions:
#   Reduce memory load on the system
#   Increase physical memory or swap space
#   Check if swap backing store is full
#   Decrease Java heap size (-Xmx/-Xms)
#   Decrease number of Java threads
#   Decrease Java thread stack sizes (-Xss)
#   Set larger code cache with -XX:ReservedCodeCacheSize=
#   JVM is running with Unscaled Compressed Oops mode in which the Java heap is
#     placed in the first 4GB address space. The Java Heap base address is the
#     maximum limit for the native heap growth. Please use -XX:HeapBaseMinAddress
#     to set the Java Heap base and to place the Java Heap above 4GB virtual address.
# This output file may be truncated or incomplete.
#
#  Out of Memory Error (virtualSpaceNode.cpp:112), pid=28392, tid=8200
#
# JRE version: Java(TM) SE Runtime Environment (22.0.1+8) (build 22.0.1+8-16)
# Java VM: Java HotSpot(TM) 64-Bit Server VM (22.0.1+8-16, mixed mode, sharing, tiered, compressed oops, compressed class ptrs, g1 gc, windows-amd64)
# No core dump will be written. Minidumps are not enabled by default on client versions of Windows
#

---------------  S U M M A R Y ------------

Command Line: -Dfile.encoding=UTF-8 --module-path=C:\Users\91811\OneDrive\Documents\NetBeansProjects\Bank Management System\build\classes bank.management.system.MiniStatement

Host: AMD Ryzen 5 5500U with Radeon Graphics         , 12 cores, 5G,  Windows 11 , 64 bit Build 22621 (10.0.22621.4391)
Time: Thu Jan  9 23:50:11 2025 India Standard Time elapsed time: 0.493527 seconds (0d 0h 0m 0s)

---------------  T H R E A D  ---------------

Current thread (0x00000212b9e38d60):  JavaThread "main"             [_thread_in_vm, id=8200, stack(0x0000006349a00000,0x0000006349b00000) (1024K)]

Stack: [0x0000006349a00000,0x0000006349b00000]
Native frames: (J=compiled Java code, j=interpreted, Vv=VM code, C=native code)
V  [jvm.dll+0x6e2279]  (no source info available)
V  [jvm.dll+0x874e33]  (no source info available)
V  [jvm.dll+0x87725e]  (no source info available)
V  [jvm.dll+0x877933]  (no source info available)
V  [jvm.dll+0x27fd76]  (no source info available)
V  [jvm.dll+0x870a7e]  (no source info available)
V  [jvm.dll+0x6852e5]  (no source info available)
V  [jvm.dll+0x68534a]  (no source info available)
V  [jvm.dll+0x687b8a]  (no source info available)
V  [jvm.dll+0x2250ac]  (no source info available)
V  [jvm.dll+0x685cfe]  (no source info available)
V  [jvm.dll+0x68ff98]  (no source info available)
V  [jvm.dll+0x215301]  (no source info available)
V  [jvm.dll+0x21578a]  (no source info available)
V  [jvm.dll+0x2161b1]  (no source info available)
V  [jvm.dll+0x20b4ee]  (no source info available)
V  [jvm.dll+0x5c462f]  (no source info available)
V  [jvm.dll+0x21cc6a]  (no source info available)
V  [jvm.dll+0x7eb6dc]  (no source info available)
V  [jvm.dll+0x7ec776]  (no source info available)
V  [jvm.dll+0x7ecfa0]  (no source info available)
V  [jvm.dll+0x2165ac]  (no source info available)
V  [jvm.dll+0x20b507]  (no source info available)
V  [jvm.dll+0x5c462f]  (no source info available)
V  [jvm.dll+0x21cc6a]  (no source info available)
V  [jvm.dll+0x7eb6dc]  (no source info available)
V  [jvm.dll+0x7ec776]  (no source info available)
V  [jvm.dll+0x7ecd84]  (no source info available)
V  [jvm.dll+0x7eca08]  (no source info available)
V  [jvm.dll+0x26d79b]  (no source info available)
V  [jvm.dll+0x26d9ca]  (no source info available)
V  [jvm.dll+0x5e7d27]  (no source info available)
V  [jvm.dll+0x5ead26]  (no source info available)
V  [jvm.dll+0x3dd89d]  (no source info available)
V  [jvm.dll+0x3dce9d]  (no source info available)
C  0x00000212cb87993c  (no source info available)

The last pc belongs to invokestatic (printed below).
Java frames: (J=compiled Java code, j=interpreted, Vv=VM code)
j  sun.awt.Win32GraphicsEnvironment.makeScreenDevice(I)Ljava/awt/GraphicsDevice;+9 java.desktop@22.0.1
j  sun.java2d.SunGraphicsEnvironment.getScreenDevices()[Ljava/awt/GraphicsDevice;+30 java.desktop@22.0.1
j  sun.awt.Win32GraphicsEnvironment.getDefaultScreenDevice()Ljava/awt/GraphicsDevice;+1 java.desktop@22.0.1
j  java.awt.Window.initGC(Ljava/awt/GraphicsConfiguration;)Ljava/awt/GraphicsConfiguration;+10 java.desktop@22.0.1
j  java.awt.Window.init(Ljava/awt/GraphicsConfiguration;)V+45 java.desktop@22.0.1
j  java.awt.Window.<init>()V+114 java.desktop@22.0.1
j  java.awt.Frame.<init>(Ljava/lang/String;)V+1 java.desktop@22.0.1
j  java.awt.Frame.<init>()V+3 java.desktop@22.0.1
j  javax.swing.JFrame.<init>()V+1 java.desktop@22.0.1
j  bank.management.system.MiniStatement.<init>(Ljava/lang/String;)V+1
j  bank.management.system.MiniStatement.main([Ljava/lang/String;)V+6
v  ~StubRoutines::call_stub 0x00000212cb86100d
invokestatic  184 invokestatic  [0x00000212cb8798a0, 0x00000212cb879b80]  736 bytes
[MachCode]
  0x00000212cb8798a0: 4883 ec08 | c5fa 1104 | 24eb 1f48 | 83ec 10c5 | fb11 0424 | eb14 4883 | ec10 4889 | 0424 48c7 
  0x00000212cb8798c0: 4424 0800 | 0000 00eb | 0150 488b | 4dd0 410f | b755 0148 | 8b49 306b | d218 488d | 4c11 080f 
  0x00000212cb8798e0: b659 1681 | fbb8 0000 | 000f 84bd | 0000 00bb | b800 0000 | e805 0000 | 00e9 9900 | 0000 488b 
  0x00000212cb879900: d348 8d44 | 2408 4c89 | 6dc0 498b | cfc5 f877 | 4989 afb0 | 0300 0049 | 8987 a003 | 0000 4883 
  0x00000212cb879920: ec20 40f6 | c40f 0f84 | 1900 0000 | 4883 ec08 | 48b8 30ce | 6ec0 fb7f | 0000 ffd0 | 4883 c408 
  0x00000212cb879940: e90c 0000 | 0048 b830 | ce6e c0fb | 7f00 00ff | d048 83c4 | 2049 c787 | a003 0000 | 0000 0000 
  0x00000212cb879960: 49c7 87b0 | 0300 0000 | 0000 0049 | c787 a803 | 0000 0000 | 0000 c5f8 | 7749 837f | 0800 0f84 
  0x00000212cb879980: 0500 0000 | e977 75fe | ff4c 8b6d | c04c 8b75 | c84e 8d74 | f500 c348 | 8b4d d041 | 0fb7 5501 
  0x00000212cb8799a0: 488b 4930 | 6bd2 1848 | 8d4c 1108 | 488b 1948 | 8b5b 0848 | 8b5b 0848 | 8b5b 1880 | bb20 0100 
  0x00000212cb8799c0: 0005 0f84 | 0d00 0000 | 4c3b bb30 | 0100 000f | 851a ffff | ff0f b651 | 1548 8b19 | 4c89 6dc0 
  0x00000212cb8799e0: 448b ea0f | b651 1449 | ba00 b9f8 | c0fb 7f00 | 0049 8b14 | d252 418b | d54c 8b6d | c048 8b45 
  0x00000212cb879a00: d848 85c0 | 0f84 1200 | 0000 4883 | 4008 0148 | 8358 0800 | 4883 c010 | 4889 45d8 | 488b 45d8 
  0x00000212cb879a20: 4885 c00f | 843d 0100 | 0080 78f0 | 0a0f 8533 | 0100 0048 | 83c0 084c | 8b68 f841 | 83ed 0041 
  0x00000212cb879a40: 83fd 020f | 8c12 0100 | 004c 8b6b | 0845 0fb7 | 6d2e 4c2b | 2841 83ed | 014e 8b6c | ec08 4d85 
  0x00000212cb879a60: ed75 0ef6 | 4008 0175 | 58f0 4883 | 4808 01eb | 5045 8b6d | 0849 ba00 | 0000 d912 | 0200 004d 
  0x00000212cb879a80: 03ea 4d8b | d54c 3368 | 0849 f7c5 | fcff ffff | 742f 41f6 | c502 7529 | 4883 7808 | 0074 1e48 
  0x00000212cb879aa0: 8378 0801 | 7417 4d8b | ea4c 3368 | 0849 f7c5 | fcff ffff | 740b 4883 | 4808 02eb | 044c 8968 
  0x00000212cb879ac0: 0848 83c0 | 104c 8b68 | e841 83ed | 0241 83fd | 020f 8c84 | 0000 004c | 8b6b 0845 | 0fb7 6d2e 
  0x00000212cb879ae0: 4c2b 2841 | 83ed 014e | 8b6c ec08 | 4d85 ed75 | 0ef6 4008 | 0175 58f0 | 4883 4808 | 01eb 5045 
  0x00000212cb879b00: 8b6d 0849 | ba00 0000 | d912 0200 | 004d 03ea | 4d8b d54c | 3368 0849 | f7c5 fcff | ffff 742f 
  0x00000212cb879b20: 41f6 c502 | 7529 4883 | 7808 0074 | 1e48 8378 | 0801 7417 | 4d8b ea4c | 3368 0849 | f7c5 fcff 
  0x00000212cb879b40: ffff 740b | 4883 4808 | 02eb 044c | 8968 0848 | 83c0 104c | 8b68 d841 | 83ed 0441 | c1e5 0349 
  0x00000212cb879b60: 03c5 4889 | 45d8 4c8d | 6c24 0849 | 8bcd 482b | cd48 c1f9 | 0348 894d | f0ff 6350 | 0f1f 4000 
[/MachCode]

---------------  P R O C E S S  ---------------

Threads class SMR info:
_java_thread_list=0x00000212d8424200, length=12, elements={
0x00000212b9e38d60, 0x00000212d820dec0, 0x00000212d820ede0, 0x00000212d8210ce0,
0x00000212d8214cb0, 0x00000212d8216290, 0x00000212d8220f20, 0x00000212d8223ce0,
0x00000212d8229430, 0x00000212d8408b70, 0x00000212d8561e70, 0x00000212d82278f0
}

Java Threads: ( => current thread )
=>0x00000212b9e38d60 JavaThread "main"                              [_thread_in_vm, id=8200, stack(0x0000006349a00000,0x0000006349b00000) (1024K)]
  0x00000212d820dec0 JavaThread "Reference Handler"          daemon [_thread_blocked, id=27032, stack(0x000000634a200000,0x000000634a300000) (1024K)]
  0x00000212d820ede0 JavaThread "Finalizer"                  daemon [_thread_blocked, id=35200, stack(0x000000634a300000,0x000000634a400000) (1024K)]
  0x00000212d8210ce0 JavaThread "Signal Dispatcher"          daemon [_thread_blocked, id=34856, stack(0x000000634a400000,0x000000634a500000) (1024K)]
  0x00000212d8214cb0 JavaThread "Attach Listener"            daemon [_thread_blocked, id=35976, stack(0x000000634a500000,0x000000634a600000) (1024K)]
  0x00000212d8216290 JavaThread "Service Thread"             daemon [_thread_blocked, id=25268, stack(0x000000634a600000,0x000000634a700000) (1024K)]
  0x00000212d8220f20 JavaThread "Monitor Deflation Thread"   daemon [_thread_blocked, id=11680, stack(0x000000634a700000,0x000000634a800000) (1024K)]
  0x00000212d8223ce0 JavaThread "C2 CompilerThread0"         daemon [_thread_blocked, id=10460, stack(0x000000634a800000,0x000000634a900000) (1024K)]
  0x00000212d8229430 JavaThread "C1 CompilerThread0"         daemon [_thread_blocked, id=13840, stack(0x000000634a900000,0x000000634aa00000) (1024K)]
  0x00000212d8408b70 JavaThread "Common-Cleaner"             daemon [_thread_blocked, id=31152, stack(0x000000634aa00000,0x000000634ab00000) (1024K)]
  0x00000212d8561e70 JavaThread "Notification Thread"        daemon [_thread_blocked, id=3500, stack(0x000000634ab00000,0x000000634ac00000) (1024K)]
  0x00000212d82278f0 JavaThread "C2 CompilerThread1"         daemon [_thread_blocked, id=24872, stack(0x000000634ac00000,0x000000634ad00000) (1024K)]
Total: 12

Other Threads:
  0x00000212d81f2d60 VMThread "VM Thread"                           [id=28324, stack(0x000000634a100000,0x000000634a200000) (1024K)]
  0x00000212d81db660 WatcherThread "VM Periodic Task Thread"        [id=30440, stack(0x000000634a000000,0x000000634a100000) (1024K)]
  0x00000212bc02e890 WorkerThread "GC Thread#0"                     [id=26456, stack(0x0000006349b00000,0x0000006349c00000) (1024K)]
  0x00000212bc03c450 ConcurrentGCThread "G1 Main Marker"            [id=17336, stack(0x0000006349c00000,0x0000006349d00000) (1024K)]
  0x00000212bc03d110 WorkerThread "G1 Conc#0"                       [id=10868, stack(0x0000006349d00000,0x0000006349e00000) (1024K)]
  0x00000212d80b20c0 ConcurrentGCThread "G1 Refine#0"               [id=30232, stack(0x0000006349e00000,0x0000006349f00000) (1024K)]
  0x00000212bc0ac960 ConcurrentGCThread "G1 Service"                [id=21164, stack(0x0000006349f00000,0x000000634a000000) (1024K)]
Total: 7

Threads with active compile tasks:
Total: 0

VM state: not at safepoint (normal execution)

VM Mutex/Monitor currently owned by a thread:  ([mutex/lock_event])
[0x00007ffbc0f79b38] Metaspace_lock - owner thread: 0x00000212b9e38d60

Heap address: 0x00000000a2200000, size: 1502 MB, Compressed Oops mode: 32-bit

CDS archive(s) mapped at: [0x00000212d9000000-0x00000212d9c60000-0x00000212d9c60000), size 12976128, SharedBaseAddress: 0x00000212d9000000, ArchiveRelocationMode: 1.
Compressed class space mapped at: 0x00000212da000000-0x000002131a000000, reserved size: 1073741824
Narrow klass base: 0x00000212d9000000, Narrow klass shift: 0, Narrow klass range: 0x41000000

GC Precious Log:
 CardTable entry size: 512
 Card Set container configuration: InlinePtr #cards 5 size 8 Array Of Cards #cards 12 size 40 Howl #buckets 4 coarsen threshold 1843 Howl Bitmap #cards 512 size 80 coarsen threshold 460 Card regions per heap region 1 cards per card region 2048
 CPUs: 12 total, 12 available
 Memory: 6005M
 Large Page Support: Disabled
 NUMA Support: Disabled
 Compressed Oops: Enabled (32-bit)
 Heap Region Size: 1M
 Heap Min Capacity: 8M
 Heap Initial Capacity: 94M
 Heap Max Capacity: 1502M
 Pre-touch: Disabled
 Parallel Workers: 10
 Concurrent Workers: 3
 Concurrent Refinement Workers: 10
 Periodic GC: Disabled

Heap:
 garbage-first heap   total reserved 1538048K, committed 96256K, used 3072K [0x00000000a2200000, 0x0000000100000000)
  region size 1024K, 4 young (4096K), 0 survivors (0K)
 Metaspace       used 2531K, committed 2688K, reserved 1114112K
  class space    used 236K, committed 320K, reserved 1048576K

Heap Regions: E=young(eden), S=young(survivor), O=old, HS=humongous(starts), HC=humongous(continues), CS=collection set, F=free, TAMS=top-at-mark-start, PB=parsable bottom
|   0|0x00000000a2200000, 0x00000000a2200000, 0x00000000a2300000|  0%| F|  |TAMS 0x00000000a2200000| PB 0x00000000a2200000| Untracked |  0
|   1|0x00000000a2300000, 0x00000000a2300000, 0x00000000a2400000|  0%| F|  |TAMS 0x00000000a2300000| PB 0x00000000a2300000| Untracked |  0
|   2|0x00000000a2400000, 0x00000000a2400000, 0x00000000a2500000|  0%| F|  |TAMS 0x00000000a2400000| PB 0x00000000a2400000| Untracked |  0
|   3|0x00000000a2500000, 0x00000000a2500000, 0x00000000a2600000|  0%| F|  |TAMS 0x00000000a2500000| PB 0x00000000a2500000| Untracked |  0
|   4|0x00000000a2600000, 0x00000000a2600000, 0x00000000a2700000|  0%| F|  |TAMS 0x00000000a2600000| PB 0x00000000a2600000| Untracked |  0
|   5|0x00000000a2700000, 0x00000000a2700000, 0x00000000a2800000|  0%| F|  |TAMS 0x00000000a2700000| PB 0x00000000a2700000| Untracked |  0
|   6|0x00000000a2800000, 0x00000000a2800000, 0x00000000a2900000|  0%| F|  |TAMS 0x00000000a2800000| PB 0x00000000a2800000| Untracked |  0
|   7|0x00000000a2900000, 0x00000000a2900000, 0x00000000a2a00000|  0%| F|  |TAMS 0x00000000a2900000| PB 0x00000000a2900000| Untracked |  0
|   8|0x00000000a2a00000, 0x00000000a2a00000, 0x00000000a2b00000|  0%| F|  |TAMS 0x00000000a2a00000| PB 0x00000000a2a00000| Untracked |  0
|   9|0x00000000a2b00000, 0x00000000a2b00000, 0x00000000a2c00000|  0%| F|  |TAMS 0x00000000a2b00000| PB 0x00000000a2b00000| Untracked |  0
|  10|0x00000000a2c00000, 0x00000000a2c00000, 0x00000000a2d00000|  0%| F|  |TAMS 0x00000000a2c00000| PB 0x00000000a2c00000| Untracked |  0
|  11|0x00000000a2d00000, 0x00000000a2d00000, 0x00000000a2e00000|  0%| F|  |TAMS 0x00000000a2d00000| PB 0x00000000a2d00000| Untracked |  0
|  12|0x00000000a2e00000, 0x00000000a2e00000, 0x00000000a2f00000|  0%| F|  |TAMS 0x00000000a2e00000| PB 0x00000000a2e00000| Untracked |  0
|  13|0x00000000a2f00000, 0x00000000a2f00000, 0x00000000a3000000|  0%| F|  |TAMS 0x00000000a2f00000| PB 0x00000000a2f00000| Untracked |  0
|  14|0x00000000a3000000, 0x00000000a3000000, 0x00000000a3100000|  0%| F|  |TAMS 0x00000000a3000000| PB 0x00000000a3000000| Untracked |  0
|  15|0x00000000a3100000, 0x00000000a3100000, 0x00000000a3200000|  0%| F|  |TAMS 0x00000000a3100000| PB 0x00000000a3100000| Untracked |  0
|  16|0x00000000a3200000, 0x00000000a3200000, 0x00000000a3300000|  0%| F|  |TAMS 0x00000000a3200000| PB 0x00000000a3200000| Untracked |  0
|  17|0x00000000a3300000, 0x00000000a3300000, 0x00000000a3400000|  0%| F|  |TAMS 0x00000000a3300000| PB 0x00000000a3300000| Untracked |  0
|  18|0x00000000a3400000, 0x00000000a3400000, 0x00000000a3500000|  0%| F|  |TAMS 0x00000000a3400000| PB 0x00000000a3400000| Untracked |  0
|  19|0x00000000a3500000, 0x00000000a3500000, 0x00000000a3600000|  0%| F|  |TAMS 0x00000000a3500000| PB 0x00000000a3500000| Untracked |  0
|  20|0x00000000a3600000, 0x00000000a3600000, 0x00000000a3700000|  0%| F|  |TAMS 0x00000000a3600000| PB 0x00000000a3600000| Untracked |  0
|  21|0x00000000a3700000, 0x00000000a3700000, 0x00000000a3800000|  0%| F|  |TAMS 0x00000000a3700000| PB 0x00000000a3700000| Untracked |  0
|  22|0x00000000a3800000, 0x00000000a3800000, 0x00000000a3900000|  0%| F|  |TAMS 0x00000000a3800000| PB 0x00000000a3800000| Untracked |  0
|  23|0x00000000a3900000, 0x00000000a3900000, 0x00000000a3a00000|  0%| F|  |TAMS 0x00000000a3900000| PB 0x00000000a3900000| Untracked |  0
|  24|0x00000000a3a00000, 0x00000000a3a00000, 0x00000000a3b00000|  0%| F|  |TAMS 0x00000000a3a00000| PB 0x00000000a3a00000| Untracked |  0
|  25|0x00000000a3b00000, 0x00000000a3b00000, 0x00000000a3c00000|  0%| F|  |TAMS 0x00000000a3b00000| PB 0x00000000a3b00000| Untracked |  0
|  26|0x00000000a3c00000, 0x00000000a3c00000, 0x00000000a3d00000|  0%| F|  |TAMS 0x00000000a3c00000| PB 0x00000000a3c00000| Untracked |  0
|  27|0x00000000a3d00000, 0x00000000a3d00000, 0x00000000a3e00000|  0%| F|  |TAMS 0x00000000a3d00000| PB 0x00000000a3d00000| Untracked |  0
|  28|0x00000000a3e00000, 0x00000000a3e00000, 0x00000000a3f00000|  0%| F|  |TAMS 0x00000000a3e00000| PB 0x00000000a3e00000| Untracked |  0
|  29|0x00000000a3f00000, 0x00000000a3f00000, 0x00000000a4000000|  0%| F|  |TAMS 0x00000000a3f00000| PB 0x00000000a3f00000| Untracked |  0
|  30|0x00000000a4000000, 0x00000000a4000000, 0x00000000a4100000|  0%| F|  |TAMS 0x00000000a4000000| PB 0x00000000a4000000| Untracked |  0
|  31|0x00000000a4100000, 0x00000000a4100000, 0x00000000a4200000|  0%| F|  |TAMS 0x00000000a4100000| PB 0x00000000a4100000| Untracked |  0
|  32|0x00000000a4200000, 0x00000000a4200000, 0x00000000a4300000|  0%| F|  |TAMS 0x00000000a4200000| PB 0x00000000a4200000| Untracked |  0
|  33|0x00000000a4300000, 0x00000000a4300000, 0x00000000a4400000|  0%| F|  |TAMS 0x00000000a4300000| PB 0x00000000a4300000| Untracked |  0
|  34|0x00000000a4400000, 0x00000000a4400000, 0x00000000a4500000|  0%| F|  |TAMS 0x00000000a4400000| PB 0x00000000a4400000| Untracked |  0
|  35|0x00000000a4500000, 0x00000000a4500000, 0x00000000a4600000|  0%| F|  |TAMS 0x00000000a4500000| PB 0x00000000a4500000| Untracked |  0
|  36|0x00000000a4600000, 0x00000000a4600000, 0x00000000a4700000|  0%| F|  |TAMS 0x00000000a4600000| PB 0x00000000a4600000| Untracked |  0
|  37|0x00000000a4700000, 0x00000000a4700000, 0x00000000a4800000|  0%| F|  |TAMS 0x00000000a4700000| PB 0x00000000a4700000| Untracked |  0
|  38|0x00000000a4800000, 0x00000000a4800000, 0x00000000a4900000|  0%| F|  |TAMS 0x00000000a4800000| PB 0x00000000a4800000| Untracked |  0
|  39|0x00000000a4900000, 0x00000000a4900000, 0x00000000a4a00000|  0%| F|  |TAMS 0x00000000a4900000| PB 0x00000000a4900000| Untracked |  0
|  40|0x00000000a4a00000, 0x00000000a4a00000, 0x00000000a4b00000|  0%| F|  |TAMS 0x00000000a4a00000| PB 0x00000000a4a00000| Untracked |  0
|  41|0x00000000a4b00000, 0x00000000a4b00000, 0x00000000a4c00000|  0%| F|  |TAMS 0x00000000a4b00000| PB 0x00000000a4b00000| Untracked |  0
|  42|0x00000000a4c00000, 0x00000000a4c00000, 0x00000000a4d00000|  0%| F|  |TAMS 0x00000000a4c00000| PB 0x00000000a4c00000| Untracked |  0
|  43|0x00000000a4d00000, 0x00000000a4d00000, 0x00000000a4e00000|  0%| F|  |TAMS 0x00000000a4d00000| PB 0x00000000a4d00000| Untracked |  0
|  44|0x00000000a4e00000, 0x00000000a4e00000, 0x00000000a4f00000|  0%| F|  |TAMS 0x00000000a4e00000| PB 0x00000000a4e00000| Untracked |  0
|  45|0x00000000a4f00000, 0x00000000a4f00000, 0x00000000a5000000|  0%| F|  |TAMS 0x00000000a4f00000| PB 0x00000000a4f00000| Untracked |  0
|  46|0x00000000a5000000, 0x00000000a5000000, 0x00000000a5100000|  0%| F|  |TAMS 0x00000000a5000000| PB 0x00000000a5000000| Untracked |  0
|  47|0x00000000a5100000, 0x00000000a5100000, 0x00000000a5200000|  0%| F|  |TAMS 0x00000000a5100000| PB 0x00000000a5100000| Untracked |  0
|  48|0x00000000a5200000, 0x00000000a5200000, 0x00000000a5300000|  0%| F|  |TAMS 0x00000000a5200000| PB 0x00000000a5200000| Untracked |  0
|  49|0x00000000a5300000, 0x00000000a5300000, 0x00000000a5400000|  0%| F|  |TAMS 0x00000000a5300000| PB 0x00000000a5300000| Untracked |  0
|  50|0x00000000a5400000, 0x00000000a5400000, 0x00000000a5500000|  0%| F|  |TAMS 0x00000000a5400000| PB 0x00000000a5400000| Untracked |  0
|  51|0x00000000a5500000, 0x00000000a5500000, 0x00000000a5600000|  0%| F|  |TAMS 0x00000000a5500000| PB 0x00000000a5500000| Untracked |  0
|  52|0x00000000a5600000, 0x00000000a5600000, 0x00000000a5700000|  0%| F|  |TAMS 0x00000000a5600000| PB 0x00000000a5600000| Untracked |  0
|  53|0x00000000a5700000, 0x00000000a5700000, 0x00000000a5800000|  0%| F|  |TAMS 0x00000000a5700000| PB 0x00000000a5700000| Untracked |  0
|  54|0x00000000a5800000, 0x00000000a5800000, 0x00000000a5900000|  0%| F|  |TAMS 0x00000000a5800000| PB 0x00000000a5800000| Untracked |  0
|  55|0x00000000a5900000, 0x00000000a5900000, 0x00000000a5a00000|  0%| F|  |TAMS 0x00000000a5900000| PB 0x00000000a5900000| Untracked |  0
|  56|0x00000000a5a00000, 0x00000000a5a00000, 0x00000000a5b00000|  0%| F|  |TAMS 0x00000000a5a00000| PB 0x00000000a5a00000| Untracked |  0
|  57|0x00000000a5b00000, 0x00000000a5b00000, 0x00000000a5c00000|  0%| F|  |TAMS 0x00000000a5b00000| PB 0x00000000a5b00000| Untracked |  0
|  58|0x00000000a5c00000, 0x00000000a5c00000, 0x00000000a5d00000|  0%| F|  |TAMS 0x00000000a5c00000| PB 0x00000000a5c00000| Untracked |  0
|  59|0x00000000a5d00000, 0x00000000a5d00000, 0x00000000a5e00000|  0%| F|  |TAMS 0x00000000a5d00000| PB 0x00000000a5d00000| Untracked |  0
|  60|0x00000000a5e00000, 0x00000000a5e00000, 0x00000000a5f00000|  0%| F|  |TAMS 0x00000000a5e00000| PB 0x00000000a5e00000| Untracked |  0
|  61|0x00000000a5f00000, 0x00000000a5f00000, 0x00000000a6000000|  0%| F|  |TAMS 0x00000000a5f00000| PB 0x00000000a5f00000| Untracked |  0
|  62|0x00000000a6000000, 0x00000000a6000000, 0x00000000a6100000|  0%| F|  |TAMS 0x00000000a6000000| PB 0x00000000a6000000| Untracked |  0
|  63|0x00000000a6100000, 0x00000000a6100000, 0x00000000a6200000|  0%| F|  |TAMS 0x00000000a6100000| PB 0x00000000a6100000| Untracked |  0
|  64|0x00000000a6200000, 0x00000000a6200000, 0x00000000a6300000|  0%| F|  |TAMS 0x00000000a6200000| PB 0x00000000a6200000| Untracked |  0
|  65|0x00000000a6300000, 0x00000000a6300000, 0x00000000a6400000|  0%| F|  |TAMS 0x00000000a6300000| PB 0x00000000a6300000| Untracked |  0
|  66|0x00000000a6400000, 0x00000000a6400000, 0x00000000a6500000|  0%| F|  |TAMS 0x00000000a6400000| PB 0x00000000a6400000| Untracked |  0
|  67|0x00000000a6500000, 0x00000000a6500000, 0x00000000a6600000|  0%| F|  |TAMS 0x00000000a6500000| PB 0x00000000a6500000| Untracked |  0
|  68|0x00000000a6600000, 0x00000000a6600000, 0x00000000a6700000|  0%| F|  |TAMS 0x00000000a6600000| PB 0x00000000a6600000| Untracked |  0
|  69|0x00000000a6700000, 0x00000000a6700000, 0x00000000a6800000|  0%| F|  |TAMS 0x00000000a6700000| PB 0x00000000a6700000| Untracked |  0
|  70|0x00000000a6800000, 0x00000000a6800000, 0x00000000a6900000|  0%| F|  |TAMS 0x00000000a6800000| PB 0x00000000a6800000| Untracked |  0
|  71|0x00000000a6900000, 0x00000000a6900000, 0x00000000a6a00000|  0%| F|  |TAMS 0x00000000a6900000| PB 0x00000000a6900000| Untracked |  0
|  72|0x00000000a6a00000, 0x00000000a6a00000, 0x00000000a6b00000|  0%| F|  |TAMS 0x00000000a6a00000| PB 0x00000000a6a00000| Untracked |  0
|  73|0x00000000a6b00000, 0x00000000a6b00000, 0x00000000a6c00000|  0%| F|  |TAMS 0x00000000a6b00000| PB 0x00000000a6b00000| Untracked |  0
|  74|0x00000000a6c00000, 0x00000000a6c00000, 0x00000000a6d00000|  0%| F|  |TAMS 0x00000000a6c00000| PB 0x00000000a6c00000| Untracked |  0
|  75|0x00000000a6d00000, 0x00000000a6d00000, 0x00000000a6e00000|  0%| F|  |TAMS 0x00000000a6d00000| PB 0x00000000a6d00000| Untracked |  0
|  76|0x00000000a6e00000, 0x00000000a6e00000, 0x00000000a6f00000|  0%| F|  |TAMS 0x00000000a6e00000| PB 0x00000000a6e00000| Untracked |  0
|  77|0x00000000a6f00000, 0x00000000a6f00000, 0x00000000a7000000|  0%| F|  |TAMS 0x00000000a6f00000| PB 0x00000000a6f00000| Untracked |  0
|  78|0x00000000a7000000, 0x00000000a7000000, 0x00000000a7100000|  0%| F|  |TAMS 0x00000000a7000000| PB 0x00000000a7000000| Untracked |  0
|  79|0x00000000a7100000, 0x00000000a7100000, 0x00000000a7200000|  0%| F|  |TAMS 0x00000000a7100000| PB 0x00000000a7100000| Untracked |  0
|  80|0x00000000a7200000, 0x00000000a7200000, 0x00000000a7300000|  0%| F|  |TAMS 0x00000000a7200000| PB 0x00000000a7200000| Untracked |  0
|  81|0x00000000a7300000, 0x00000000a7300000, 0x00000000a7400000|  0%| F|  |TAMS 0x00000000a7300000| PB 0x00000000a7300000| Untracked |  0
|  82|0x00000000a7400000, 0x00000000a7400000, 0x00000000a7500000|  0%| F|  |TAMS 0x00000000a7400000| PB 0x00000000a7400000| Untracked |  0
|  83|0x00000000a7500000, 0x00000000a7500000, 0x00000000a7600000|  0%| F|  |TAMS 0x00000000a7500000| PB 0x00000000a7500000| Untracked |  0
|  84|0x00000000a7600000, 0x00000000a7600000, 0x00000000a7700000|  0%| F|  |TAMS 0x00000000a7600000| PB 0x00000000a7600000| Untracked |  0
|  85|0x00000000a7700000, 0x00000000a7700000, 0x00000000a7800000|  0%| F|  |TAMS 0x00000000a7700000| PB 0x00000000a7700000| Untracked |  0
|  86|0x00000000a7800000, 0x00000000a7800000, 0x00000000a7900000|  0%| F|  |TAMS 0x00000000a7800000| PB 0x00000000a7800000| Untracked |  0
|  87|0x00000000a7900000, 0x00000000a7900000, 0x00000000a7a00000|  0%| F|  |TAMS 0x00000000a7900000| PB 0x00000000a7900000| Untracked |  0
|  88|0x00000000a7a00000, 0x00000000a7a00000, 0x00000000a7b00000|  0%| F|  |TAMS 0x00000000a7a00000| PB 0x00000000a7a00000| Untracked |  0
|  89|0x00000000a7b00000, 0x00000000a7b00000, 0x00000000a7c00000|  0%| F|  |TAMS 0x00000000a7b00000| PB 0x00000000a7b00000| Untracked |  0
|  90|0x00000000a7c00000, 0x00000000a7cf5c60, 0x00000000a7d00000| 96%| E|  |TAMS 0x00000000a7c00000| PB 0x00000000a7c00000| Complete |  0
|  91|0x00000000a7d00000, 0x00000000a7e00000, 0x00000000a7e00000|100%| E|CS|TAMS 0x00000000a7d00000| PB 0x00000000a7d00000| Complete |  0
|  92|0x00000000a7e00000, 0x00000000a7f00000, 0x00000000a7f00000|100%| E|CS|TAMS 0x00000000a7e00000| PB 0x00000000a7e00000| Complete |  0
|  93|0x00000000a7f00000, 0x00000000a8000000, 0x00000000a8000000|100%| E|CS|TAMS 0x00000000a7f00000| PB 0x00000000a7f00000| Complete |  0

Card table byte_map: [0x00000212d3b70000,0x00000212d3e60000] _byte_map_base: 0x00000212d365f000

Marking Bits: (CMBitMap*) 0x00000212bc02efa0
 Bits: [0x00000212d3e60000, 0x00000212d55d8000)

Polling page: 0x00000212bb7b0000

Metaspace:

Usage:
  Non-class:      2.24 MB used.
      Class:    236.88 KB used.
       Both:      2.47 MB used.

Virtual space:
  Non-class space:       64.00 MB reserved,       2.31 MB (  4%) committed,  1 nodes.
      Class space:        1.00 GB reserved,     320.00 KB ( <1%) committed,  1 nodes.
             Both:        1.06 GB reserved,       2.62 MB ( <1%) committed. 

Chunk freelists:
   Non-Class:  11.92 MB
       Class:  15.70 MB
        Both:  27.62 MB

MaxMetaspaceSize: unlimited
CompressedClassSpaceSize: 1.00 GB
Initial GC threshold: 21.00 MB
Current GC threshold: 21.00 MB
CDS: on
 - commit_granule_bytes: 65536.
 - commit_granule_words: 8192.
 - virtual_space_node_default_size: 8388608.
 - enlarge_chunks_in_place: 1.
 - use_allocation_guard: 0.


Internal statistics:

num_allocs_failed_limit: 0.
num_arena_births: 90.
num_arena_deaths: 0.
num_vsnodes_births: 2.
num_vsnodes_deaths: 0.
num_space_committed: 42.
num_space_uncommitted: 0.
num_chunks_returned_to_freelist: 0.
num_chunks_taken_from_freelist: 108.
num_chunk_merges: 0.
num_chunk_splits: 64.
num_chunks_enlarged: 22.
num_inconsistent_stats: 0.

CodeHeap 'non-profiled nmethods': size=120000Kb used=137Kb max_used=137Kb free=119862Kb
 bounds [0x00000212cbe00000, 0x00000212cc070000, 0x00000212d3330000]
CodeHeap 'profiled nmethods': size=120000Kb used=509Kb max_used=509Kb free=119491Kb
 bounds [0x00000212c4330000, 0x00000212c45a0000, 0x00000212cb860000]
CodeHeap 'non-nmethods': size=5760Kb used=1383Kb max_used=1383Kb free=4376Kb
 bounds [0x00000212cb860000, 0x00000212cbad0000, 0x00000212cbe00000]
 total_blobs=892 nmethods=411 adapters=386
 compilation: enabled
              stopped_count=0, restarted_count=0
 full_count=0

Compilation events (20 events):
Event: 0.475 Thread 0x00000212d8229430  398       3       jdk.internal.org.objectweb.asm.ByteVector::putByteArray (49 bytes)
Event: 0.476 Thread 0x00000212d8229430 nmethod 398 0x00000212c43a9510 code [0x00000212c43a96c0, 0x00000212c43a9988]
Event: 0.476 Thread 0x00000212d8229430  400       3       java.lang.invoke.InvokerBytecodeGenerator::emitImplicitConversion (161 bytes)
Event: 0.477 Thread 0x00000212d8229430 nmethod 400 0x00000212c43a9a90 code [0x00000212c43a9dc0, 0x00000212c43aaba0]
Event: 0.477 Thread 0x00000212d8229430  401       3       jdk.internal.org.objectweb.asm.SymbolTable::hash (15 bytes)
Event: 0.477 Thread 0x00000212d8229430 nmethod 401 0x00000212c43ab090 code [0x00000212c43ab240, 0x00000212c43ab3c0]
Event: 0.477 Thread 0x00000212d8229430  399       3       java.lang.invoke.LambdaForm::uncustomize (57 bytes)
Event: 0.477 Thread 0x00000212d8223ce0  411       4       java.lang.invoke.MethodType::parameterType (7 bytes)
Event: 0.477 Thread 0x00000212d8229430 nmethod 399 0x00000212c43ab510 code [0x00000212c43ab6c0, 0x00000212c43ab9b0]
Event: 0.477 Thread 0x00000212d8229430  403       3       jdk.internal.util.ReferencedKeyMap::entryKey (33 bytes)
Event: 0.478 Thread 0x00000212d8229430 nmethod 403 0x00000212c43aba90 code [0x00000212c43abca0, 0x00000212c43ac300]
Event: 0.478 Thread 0x00000212d8229430  404       3       jdk.internal.util.WeakReferenceKey::<init> (15 bytes)
Event: 0.478 Thread 0x00000212d8223ce0 nmethod 411 0x00000212cbe22390 code [0x00000212cbe22520, 0x00000212cbe225f0]
Event: 0.479 Thread 0x00000212d8229430 nmethod 404 0x00000212c43ac510 code [0x00000212c43ac6e0, 0x00000212c43acb80]
Event: 0.479 Thread 0x00000212d8229430  406       3       java.util.Arrays::copyOf (33 bytes)
Event: 0.479 Thread 0x00000212d8229430 nmethod 406 0x00000212c43acd10 code [0x00000212c43acee0, 0x00000212c43ad3a8]
Event: 0.479 Thread 0x00000212d8229430  407       3       java.lang.AbstractStringBuilder::newCapacity (59 bytes)
Event: 0.479 Thread 0x00000212d8229430 nmethod 407 0x00000212c43ad510 code [0x00000212c43ad6e0, 0x00000212c43adaa8]
Event: 0.479 Thread 0x00000212d8229430  409       3       java.lang.invoke.MethodType::insertParameterTypes (121 bytes)
Event: 0.481 Thread 0x00000212d8229430 nmethod 409 0x00000212c43adc90 code [0x00000212c43adf80, 0x00000212c43aee58]

GC Heap History (0 events):
No events

Dll operation events (7 events):
Event: 0.014 Loaded shared library C:\Program Files\Java\jdk-22\bin\java.dll
Event: 0.256 Loaded shared library C:\Program Files\Java\jdk-22\bin\jsvml.dll
Event: 0.305 Loaded shared library C:\Program Files\Java\jdk-22\bin\net.dll
Event: 0.307 Loaded shared library C:\Program Files\Java\jdk-22\bin\nio.dll
Event: 0.339 Loaded shared library C:\Program Files\Java\jdk-22\bin\zip.dll
Event: 0.361 Loaded shared library C:\Program Files\Java\jdk-22\bin\jimage.dll
Event: 0.385 Loaded shared library C:\Program Files\Java\jdk-22\bin\awt.dll

Deoptimization events (0 events):
No events

Classes loaded (20 events):
Event: 0.483 Loading class jdk/internal/logger/SurrogateLogger
Event: 0.483 Loading class jdk/internal/logger/SimpleConsoleLogger
Event: 0.483 Loading class sun/util/logging/PlatformLogger$ConfigurableBridge$LoggerConfiguration
Event: 0.483 Loading class sun/util/logging/PlatformLogger$ConfigurableBridge$LoggerConfiguration done
Event: 0.483 Loading class jdk/internal/logger/SimpleConsoleLogger done
Event: 0.483 Loading class jdk/internal/logger/SurrogateLogger done
Event: 0.484 Loading class sun/java2d/windows/WindowsFlags
Event: 0.484 Loading class sun/java2d/windows/WindowsFlags done
Event: 0.484 Loading class sun/java2d/windows/WindowsFlags$1
Event: 0.484 Loading class sun/java2d/windows/WindowsFlags$1 done
Event: 0.487 Loading class sun/java2d/WindowsSurfaceManagerFactory
Event: 0.487 Loading class sun/java2d/SurfaceManagerFactory
Event: 0.487 Loading class sun/java2d/SurfaceManagerFactory done
Event: 0.487 Loading class sun/java2d/WindowsSurfaceManagerFactory done
Event: 0.488 Loading class sun/awt/SunDisplayChanger
Event: 0.488 Loading class sun/awt/SunDisplayChanger done
Event: 0.488 Loading class java/awt/GraphicsDevice
Event: 0.488 Loading class java/awt/GraphicsDevice done
Event: 0.488 Loading class sun/java2d/d3d/D3DGraphicsDevice
Event: 0.488 Loading class sun/awt/Win32GraphicsDevice

Classes unloaded (0 events):
No events

Classes redefined (0 events):
No events

Internal exceptions (6 events):
Event: 0.309 Thread 0x00000212b9e38d60 Exception <a 'sun/nio/fs/WindowsException'{0x00000000a7ebca60}> (0x00000000a7ebca60) 
thrown [s\open\src\hotspot\share\prims\jni.cpp, line 520]
Event: 0.312 Thread 0x00000212b9e38d60 Exception <a 'sun/nio/fs/WindowsException'{0x00000000a7ebf108}> (0x00000000a7ebf108) 
thrown [s\open\src\hotspot\share\prims\jni.cpp, line 520]
Event: 0.312 Thread 0x00000212b9e38d60 Exception <a 'sun/nio/fs/WindowsException'{0x00000000a7ebfc78}> (0x00000000a7ebfc78) 
thrown [s\open\src\hotspot\share\prims\jni.cpp, line 520]
Event: 0.369 Thread 0x00000212b9e38d60 Exception <a 'java/lang/ClassNotFoundException'{0x00000000a7d92f98}: sun/awt/resources/spi/awtProvider> (0x00000000a7d92f98) 
thrown [s\open\src\hotspot\share\classfile\systemDictionary.cpp, line 313]
Event: 0.403 Thread 0x00000212b9e38d60 Exception <a 'java/io/FileNotFoundException'{0x00000000a7de6ba8}> (0x00000000a7de6ba8) 
thrown [s\open\src\hotspot\share\prims\jni.cpp, line 520]
Event: 0.414 Thread 0x00000212b9e38d60 Exception <a 'java/io/FileNotFoundException'{0x00000000a7c15480}> (0x00000000a7c15480) 
thrown [s\open\src\hotspot\share\prims\jni.cpp, line 520]

ZGC Phase Switch (0 events):
No events

VM Operations (2 events):
Event: 0.314 Executing VM operation: HandshakeAllThreads (Deoptimize)
Event: 0.314 Executing VM operation: HandshakeAllThreads (Deoptimize) done

Events (12 events):
Event: 0.230 Thread 0x00000212b9e38d60 Thread added: 0x00000212b9e38d60
Event: 0.252 Thread 0x00000212d820dec0 Thread added: 0x00000212d820dec0
Event: 0.253 Thread 0x00000212d820ede0 Thread added: 0x00000212d820ede0
Event: 0.253 Thread 0x00000212d8210ce0 Thread added: 0x00000212d8210ce0
Event: 0.253 Thread 0x00000212d8214cb0 Thread added: 0x00000212d8214cb0
Event: 0.253 Thread 0x00000212d8216290 Thread added: 0x00000212d8216290
Event: 0.253 Thread 0x00000212d8220f20 Thread added: 0x00000212d8220f20
Event: 0.253 Thread 0x00000212d8223ce0 Thread added: 0x00000212d8223ce0
Event: 0.254 Thread 0x00000212d8229430 Thread added: 0x00000212d8229430
Event: 0.287 Thread 0x00000212d8408b70 Thread added: 0x00000212d8408b70
Event: 0.331 Thread 0x00000212d8561e70 Thread added: 0x00000212d8561e70
Event: 0.336 Thread 0x00000212d82278f0 Thread added: 0x00000212d82278f0


Dynamic libraries:
0x00007ff6c68e0000 - 0x00007ff6c68f0000 	C:\Program Files\Java\jdk-22\bin\java.exe
0x00007ffc31e70000 - 0x00007ffc32087000 	C:\WINDOWS\SYSTEM32\ntdll.dll
0x00007ffc30000000 - 0x00007ffc300c4000 	C:\WINDOWS\System32\KERNEL32.DLL
0x00007ffc2f140000 - 0x00007ffc2f4fa000 	C:\WINDOWS\System32\KERNELBASE.dll
0x00007ffc2f680000 - 0x00007ffc2f791000 	C:\WINDOWS\System32\ucrtbase.dll
0x00007ffc26d80000 - 0x00007ffc26d97000 	C:\Program Files\Java\jdk-22\bin\jli.dll
0x00007ffc26a80000 - 0x00007ffc26a9b000 	C:\Program Files\Java\jdk-22\bin\VCRUNTIME140.dll
0x00007ffc317d0000 - 0x00007ffc31882000 	C:\WINDOWS\System32\ADVAPI32.dll
0x00007ffc30ff0000 - 0x00007ffc31097000 	C:\WINDOWS\System32\msvcrt.dll
0x00007ffc31370000 - 0x00007ffc31417000 	C:\WINDOWS\System32\sechost.dll
0x00007ffc2f650000 - 0x00007ffc2f678000 	C:\WINDOWS\System32\bcrypt.dll
0x00007ffc31b50000 - 0x00007ffc31c64000 	C:\WINDOWS\System32\RPCRT4.dll
0x00007ffc31620000 - 0x00007ffc317ce000 	C:\WINDOWS\System32\USER32.dll
0x00007ffc2f620000 - 0x00007ffc2f646000 	C:\WINDOWS\System32\win32u.dll
0x00007ffc17120000 - 0x00007ffc173b2000 	C:\WINDOWS\WinSxS\amd64_microsoft.windows.common-controls_6595b64144ccf1df_6.0.22621.4541_none_2710d1c57384c085\COMCTL32.dll
0x00007ffc31590000 - 0x00007ffc315b9000 	C:\WINDOWS\System32\GDI32.dll
0x00007ffc2f500000 - 0x00007ffc2f61b000 	C:\WINDOWS\System32\gdi32full.dll
0x00007ffc2fad0000 - 0x00007ffc2fb6a000 	C:\WINDOWS\System32\msvcp_win.dll
0x00007ffc26210000 - 0x00007ffc2621a000 	C:\WINDOWS\SYSTEM32\VERSION.dll
0x00007ffc315e0000 - 0x00007ffc31611000 	C:\WINDOWS\System32\IMM32.DLL
0x00007ffc2ade0000 - 0x00007ffc2adec000 	C:\Program Files\Java\jdk-22\bin\vcruntime140_1.dll
0x00007ffc065e0000 - 0x00007ffc0666e000 	C:\Program Files\Java\jdk-22\bin\msvcp140.dll
0x00007ffbc0310000 - 0x00007ffbc1057000 	C:\Program Files\Java\jdk-22\bin\server\jvm.dll
0x00007ffc30460000 - 0x00007ffc304d1000 	C:\WINDOWS\System32\WS2_32.dll
0x00007ffc2f010000 - 0x00007ffc2f05d000 	C:\WINDOWS\SYSTEM32\POWRPROF.dll
0x00007ffc29fe0000 - 0x00007ffc2a014000 	C:\WINDOWS\SYSTEM32\WINMM.dll
0x00007ffc2ef40000 - 0x00007ffc2ef53000 	C:\WINDOWS\SYSTEM32\UMPDC.dll
0x00007ffc2e160000 - 0x00007ffc2e178000 	C:\WINDOWS\SYSTEM32\kernel.appcore.dll
0x00007ffc2a020000 - 0x00007ffc2a02a000 	C:\Program Files\Java\jdk-22\bin\jimage.dll
0x00007ffc2c760000 - 0x00007ffc2c992000 	C:\WINDOWS\SYSTEM32\DBGHELP.DLL
0x00007ffc300d0000 - 0x00007ffc3045f000 	C:\WINDOWS\System32\combase.dll
0x00007ffc30f10000 - 0x00007ffc30fe7000 	C:\WINDOWS\System32\OLEAUT32.dll
0x00007ffc27390000 - 0x00007ffc273c2000 	C:\WINDOWS\SYSTEM32\dbgcore.DLL
0x00007ffc2f7a0000 - 0x00007ffc2f81b000 	C:\WINDOWS\System32\bcryptPrimitives.dll
0x00007ffc26a60000 - 0x00007ffc26a7e000 	C:\Program Files\Java\jdk-22\bin\java.dll
0x00007ffc30690000 - 0x00007ffc30f08000 	C:\WINDOWS\System32\SHELL32.dll
0x00007ffc304e0000 - 0x00007ffc30685000 	C:\WINDOWS\System32\ole32.dll
0x00007ffc2cec0000 - 0x00007ffc2d7c8000 	C:\WINDOWS\SYSTEM32\windows.storage.dll
0x00007ffc2d800000 - 0x00007ffc2d93f000 	C:\WINDOWS\SYSTEM32\wintypes.dll
0x00007ffc31220000 - 0x00007ffc3131a000 	C:\WINDOWS\System32\SHCORE.dll
0x00007ffc310a0000 - 0x00007ffc310fe000 	C:\WINDOWS\System32\shlwapi.dll
0x00007ffc2f070000 - 0x00007ffc2f09b000 	C:\WINDOWS\SYSTEM32\profapi.dll
0x00007ffc10920000 - 0x00007ffc109f7000 	C:\Program Files\Java\jdk-22\bin\jsvml.dll
0x00007ffc27940000 - 0x00007ffc27950000 	C:\Program Files\Java\jdk-22\bin\net.dll
0x00007ffc2e600000 - 0x00007ffc2e669000 	C:\WINDOWS\system32\mswsock.dll
0x00007ffc10b70000 - 0x00007ffc10b86000 	C:\Program Files\Java\jdk-22\bin\nio.dll
0x00007ffc10b50000 - 0x00007ffc10b67000 	C:\Program Files\Java\jdk-22\bin\zip.dll
0x00007ffbcdf10000 - 0x00007ffbce09e000 	C:\Program Files\Java\jdk-22\bin\awt.dll
0x00007ffc28bf0000 - 0x00007ffc28c87000 	C:\WINDOWS\SYSTEM32\apphelp.dll
0x00007ffc2b8c0000 - 0x00007ffc2b8eb000 	C:\WINDOWS\system32\DWMAPI.DLL
0x00007ffc2b470000 - 0x00007ffc2b521000 	C:\WINDOWS\system32\uxtheme.dll

dbghelp: loaded successfully - version: 4.0.5 - missing functions: none
symbol engine: initialized successfully - sym options: 0x614 - pdb path: .;C:\Program Files\Java\jdk-22\bin;C:\WINDOWS\SYSTEM32;C:\WINDOWS\WinSxS\amd64_microsoft.windows.common-controls_6595b64144ccf1df_6.0.22621.4541_none_2710d1c57384c085;C:\Program Files\Java\jdk-22\bin\server

VM Arguments:
jvm_args: -Dfile.encoding=UTF-8 --module-path=C:\Users\91811\OneDrive\Documents\NetBeansProjects\Bank Management System\build\classes 
java_command: bank.management.system.MiniStatement
java_class_path (initial): E:\JAVA LIBRARY;E:\JAVA LIBRARY\jcalendar-tz-1.3.3-4.jar;E:\JAVA LIBRARY\mysql-connector-java-8.0.28.jar;C:\Users\91811\OneDrive\Documents\NetBeansProjects\Bank Management System\build\classes
Launcher Type: SUN_STANDARD

[Global flags]
     intx CICompilerCount                          = 4                                         {product} {ergonomic}
     uint ConcGCThreads                            = 3                                         {product} {ergonomic}
     uint G1ConcRefinementThreads                  = 10                                        {product} {ergonomic}
   size_t G1HeapRegionSize                         = 1048576                                   {product} {ergonomic}
   size_t InitialHeapSize                          = 98566144                                  {product} {ergonomic}
   size_t MarkStackSize                            = 4194304                                   {product} {ergonomic}
   size_t MaxHeapSize                              = 1574961152                                {product} {ergonomic}
   size_t MaxNewSize                               = 944766976                                 {product} {ergonomic}
   size_t MinHeapDeltaBytes                        = 1048576                                   {product} {ergonomic}
   size_t MinHeapSize                              = 8388608                                   {product} {ergonomic}
    uintx NonNMethodCodeHeapSize                   = 5839372                                {pd product} {ergonomic}
    uintx NonProfiledCodeHeapSize                  = 122909434                              {pd product} {ergonomic}
    uintx ProfiledCodeHeapSize                     = 122909434                              {pd product} {ergonomic}
    uintx ReservedCodeCacheSize                    = 251658240                              {pd product} {ergonomic}
     bool SegmentedCodeCache                       = true                                      {product} {ergonomic}
   size_t SoftMaxHeapSize                          = 1574961152                             {manageable} {ergonomic}
     bool UseCompressedOops                        = true                           {product lp64_product} {ergonomic}
     bool UseG1GC                                  = true                                      {product} {ergonomic}
     bool UseLargePagesIndividualAllocation        = false                                  {pd product} {ergonomic}

Logging:
Log output configuration:
 #0: stdout all=warning uptime,level,tags foldmultilines=false
 #1: stderr all=off uptime,level,tags foldmultilines=false

Environment Variables:
PATH=C:\Program Files\Common Files\Oracle\Java\javapath;C:\Python 3.11.4\Scripts\;C:\Python 3.11.4\;C:\WINDOWS\system32;C:\WINDOWS;C:\WINDOWS\System32\Wbem;C:\WINDOWS\System32\WindowsPowerShell\v1.0\;C:\WINDOWS\System32\OpenSSH\;C:\MinGW\bin;C:\Program Files\nodejs\;C:\Program Files\MySQL\MySQL Server 8.0\bin;C:\Program Files\MySQL\MySQL Shell 8.0\bin\;C:\Users\91811\AppData\Local\Microsoft\WindowsApps;C:\Users\91811\AppData\Local\Programs\Microsoft VS Code\bin;C:\Users\91811\AppData\Roaming\npm
USERNAME=91811
OS=Windows_NT
PROCESSOR_IDENTIFIER=AMD64 Family 23 Model 104 Stepping 1, AuthenticAMD
TMP=C:\Users\91811\AppData\Local\Temp
TEMP=C:\Users\91811\AppData\Local\Temp




Periodic native trim disabled

---------------  S Y S T E M  ---------------

OS:
 Windows 11 , 64 bit Build 22621 (10.0.22621.4391)
OS uptime: 25 days 11:54 hours
Hyper-V role detected

CPU: total 12 (initial active 12) (12 cores per cpu, 2 threads per core) family 23 model 104 stepping 1 microcode 0x0, cx8, cmov, fxsr, ht, mmx, 3dnowpref, sse, sse2, sse3, ssse3, sse4a, sse4.1, sse4.2, popcnt, lzcnt, tsc, tscinvbit, avx, avx2, aes, clmul, bmi1, bmi2, adx, sha, fma, vzeroupper, clflush, clflushopt, hv, rdtscp, rdpid, f16c
Processor Information for processor 0
  Max Mhz: 2100, Current Mhz: 1893, Mhz Limit: 2100
Processor Information for processor 1
  Max Mhz: 2100, Current Mhz: 1893, Mhz Limit: 2100
Processor Information for processor 2
  Max Mhz: 2100, Current Mhz: 1893, Mhz Limit: 2100
Processor Information for processor 3
  Max Mhz: 2100, Current Mhz: 1893, Mhz Limit: 2100
Processor Information for processor 4
  Max Mhz: 2100, Current Mhz: 1893, Mhz Limit: 2100
Processor Information for processor 5
  Max Mhz: 2100, Current Mhz: 1893, Mhz Limit: 2100
Processor Information for processor 6
  Max Mhz: 2100, Current Mhz: 1893, Mhz Limit: 2100
Processor Information for processor 7
  Max Mhz: 2100, Current Mhz: 1893, Mhz Limit: 2100
Processor Information for processor 8
  Max Mhz: 2100, Current Mhz: 1813, Mhz Limit: 2100
Processor Information for processor 9
  Max Mhz: 2100, Current Mhz: 1813, Mhz Limit: 2100
Processor Information for processor 10
  Max Mhz: 2100, Current Mhz: 1813, Mhz Limit: 2100
Processor Information for processor 11
  Max Mhz: 2100, Current Mhz: 1813, Mhz Limit: 2100

Memory: 4k page, system-wide physical 6005M (423M free)
TotalPageFile size 24437M (AvailPageFile size 0M)
current process WorkingSet (physical memory assigned to process): 44M, peak: 44M
current process commit charge ("private bytes"): 182M, peak: 182M

vm_info: Java HotSpot(TM) 64-Bit Server VM (22.0.1+8-16) for windows-amd64 JRE (22.0.1+8-16), built on 2024-03-12T10:33:16Z by "mach5one" with MS VC++ 17.6 (VS2022)

END.
